<?xml version="1.0" ?>
<!DOCTYPE coverage SYSTEM "http://cobertura.sourceforge.net/xml/coverage-04.dtd">
<coverage lines-valid="5206"  lines-covered="3127"  line-rate="0.6007"  branches-valid="2275"  branches-covered="1070"  branch-rate="0.4703"  timestamp="1480166338882" complexity="0" version="0.1">
<sources>
	<source>/Users/xe4me/Desktop/Dev/AMP/angular2-webpack-starter</source>
</sources>
<packages>
	<package name="app"  line-rate="0.369"  branch-rate="0.31579999999999997" >
	<classes>
		<class name="amp-block-loader.directive.ts"  filename="src/app/amp-block-loader.directive.ts"  line-rate="0.5556"  branch-rate="0.8" >
		<methods>
			<method name="(anonymous_1)"  hits="1"  signature="()V" >
				<lines><line number="5"  hits="1" /></lines>
			</method>
			<method name="AmpBlockLoaderDirective"  hits="0"  signature="()V" >
				<lines><line number="7"  hits="0" /></lines>
			</method>
			<method name="(anonymous_3)"  hits="0"  signature="()V" >
				<lines><line number="16"  hits="0" /></lines>
			</method>
		</methods>
		<lines>
			<line number="2"  hits="1"  branch="false" />
			<line number="3"  hits="1"  branch="false" />
			<line number="4"  hits="1"  branch="false" />
			<line number="5"  hits="1"  branch="false" />
			<line number="6"  hits="1"  branch="false" />
			<line number="7"  hits="1"  branch="false" />
			<line number="8"  hits="0"  branch="false" />
			<line number="9"  hits="0"  branch="false" />
			<line number="10"  hits="0"  branch="false" />
			<line number="11"  hits="0"  branch="false" />
			<line number="12"  hits="0"  branch="false" />
			<line number="13"  hits="0"  branch="false" />
			<line number="14"  hits="0"  branch="false" />
			<line number="16"  hits="1"  branch="false" />
			<line number="17"  hits="0"  branch="false" />
			<line number="18"  hits="0"  branch="false" />
			<line number="21"  hits="0"  branch="false" />
			<line number="23"  hits="0"  branch="false" />
			<line number="25"  hits="1"  branch="false" />
			<line number="29"  hits="1"  branch="false" />
			<line number="33"  hits="1"  branch="false" />
			<line number="37"  hits="1"  branch="false" />
			<line number="41"  hits="1"  branch="false" />
			<line number="45"  hits="1"  branch="false" />
			<line number="51"  hits="1"  branch="false" />
			<line number="52"  hits="0"  branch="false" />
			<line number="54"  hits="1"  branch="false" />
		</lines>
		</class>
		<class name="amp-block-loader.ts"  filename="src/app/amp-block-loader.ts"  line-rate="0.1866"  branch-rate="0.0645" >
		<methods>
			<method name="(anonymous_1)"  hits="1"  signature="()V" >
				<lines><line number="4"  hits="1" /></lines>
			</method>
			<method name="(anonymous_2)"  hits="1"  signature="()V" >
				<lines><line number="10"  hits="1" /></lines>
			</method>
			<method name="(anonymous_3)"  hits="1"  signature="()V" >
				<lines><line number="15"  hits="1" /></lines>
			</method>
			<method name="AmpBlockLoader"  hits="0"  signature="()V" >
				<lines><line number="16"  hits="0" /></lines>
			</method>
			<method name="(anonymous_5)"  hits="0"  signature="()V" >
				<lines><line number="29"  hits="0" /></lines>
			</method>
			<method name="(anonymous_6)"  hits="0"  signature="()V" >
				<lines><line number="32"  hits="0" /></lines>
			</method>
			<method name="(anonymous_7)"  hits="0"  signature="()V" >
				<lines><line number="41"  hits="0" /></lines>
			</method>
			<method name="(anonymous_8)"  hits="0"  signature="()V" >
				<lines><line number="44"  hits="0" /></lines>
			</method>
			<method name="(anonymous_9)"  hits="0"  signature="()V" >
				<lines><line number="47"  hits="0" /></lines>
			</method>
			<method name="(anonymous_10)"  hits="0"  signature="()V" >
				<lines><line number="52"  hits="0" /></lines>
			</method>
			<method name="(anonymous_11)"  hits="0"  signature="()V" >
				<lines><line number="54"  hits="0" /></lines>
			</method>
			<method name="(anonymous_12)"  hits="0"  signature="()V" >
				<lines><line number="59"  hits="0" /></lines>
			</method>
			<method name="(anonymous_13)"  hits="0"  signature="()V" >
				<lines><line number="61"  hits="0" /></lines>
			</method>
			<method name="(anonymous_14)"  hits="0"  signature="()V" >
				<lines><line number="66"  hits="0" /></lines>
			</method>
			<method name="(anonymous_15)"  hits="0"  signature="()V" >
				<lines><line number="83"  hits="0" /></lines>
			</method>
			<method name="(anonymous_16)"  hits="0"  signature="()V" >
				<lines><line number="86"  hits="0" /></lines>
			</method>
			<method name="(anonymous_17)"  hits="0"  signature="()V" >
				<lines><line number="95"  hits="0" /></lines>
			</method>
			<method name="(anonymous_18)"  hits="0"  signature="()V" >
				<lines><line number="117"  hits="0" /></lines>
			</method>
			<method name="(anonymous_19)"  hits="0"  signature="()V" >
				<lines><line number="119"  hits="0" /></lines>
			</method>
			<method name="(anonymous_20)"  hits="0"  signature="()V" >
				<lines><line number="141"  hits="0" /></lines>
			</method>
			<method name="(anonymous_21)"  hits="0"  signature="()V" >
				<lines><line number="162"  hits="0" /></lines>
			</method>
			<method name="(anonymous_22)"  hits="0"  signature="()V" >
				<lines><line number="165"  hits="0" /></lines>
			</method>
			<method name="(anonymous_23)"  hits="0"  signature="()V" >
				<lines><line number="168"  hits="0" /></lines>
			</method>
			<method name="(anonymous_24)"  hits="0"  signature="()V" >
				<lines><line number="171"  hits="0" /></lines>
			</method>
			<method name="(anonymous_25)"  hits="0"  signature="()V" >
				<lines><line number="174"  hits="0" /></lines>
			</method>
			<method name="(anonymous_26)"  hits="0"  signature="()V" >
				<lines><line number="177"  hits="0" /></lines>
			</method>
			<method name="(anonymous_27)"  hits="0"  signature="()V" >
				<lines><line number="180"  hits="0" /></lines>
			</method>
			<method name="(anonymous_28)"  hits="0"  signature="()V" >
				<lines><line number="183"  hits="0" /></lines>
			</method>
			<method name="(anonymous_29)"  hits="0"  signature="()V" >
				<lines><line number="186"  hits="0" /></lines>
			</method>
			<method name="(anonymous_30)"  hits="0"  signature="()V" >
				<lines><line number="187"  hits="0" /></lines>
			</method>
			<method name="(anonymous_31)"  hits="0"  signature="()V" >
				<lines><line number="191"  hits="0" /></lines>
			</method>
			<method name="(anonymous_32)"  hits="0"  signature="()V" >
				<lines><line number="198"  hits="0" /></lines>
			</method>
			<method name="(anonymous_33)"  hits="0"  signature="()V" >
				<lines><line number="202"  hits="0" /></lines>
			</method>
			<method name="(anonymous_34)"  hits="0"  signature="()V" >
				<lines><line number="210"  hits="0" /></lines>
			</method>
			<method name="(anonymous_35)"  hits="0"  signature="()V" >
				<lines><line number="222"  hits="0" /></lines>
			</method>
			<method name="(anonymous_36)"  hits="0"  signature="()V" >
				<lines><line number="228"  hits="0" /></lines>
			</method>
			<method name="(anonymous_37)"  hits="0"  signature="()V" >
				<lines><line number="234"  hits="0" /></lines>
			</method>
			<method name="(anonymous_38)"  hits="0"  signature="()V" >
				<lines><line number="245"  hits="0" /></lines>
			</method>
			<method name="(anonymous_39)"  hits="0"  signature="()V" >
				<lines><line number="247"  hits="0" /></lines>
			</method>
			<method name="(anonymous_40)"  hits="0"  signature="()V" >
				<lines><line number="252"  hits="0" /></lines>
			</method>
			<method name="(anonymous_41)"  hits="0"  signature="()V" >
				<lines><line number="255"  hits="0" /></lines>
			</method>
			<method name="(anonymous_42)"  hits="0"  signature="()V" >
				<lines><line number="258"  hits="0" /></lines>
			</method>
			<method name="(anonymous_43)"  hits="0"  signature="()V" >
				<lines><line number="262"  hits="0" /></lines>
			</method>
			<method name="(anonymous_44)"  hits="0"  signature="()V" >
				<lines><line number="264"  hits="0" /></lines>
			</method>
			<method name="(anonymous_45)"  hits="0"  signature="()V" >
				<lines><line number="280"  hits="0" /></lines>
			</method>
			<method name="(anonymous_46)"  hits="0"  signature="()V" >
				<lines><line number="287"  hits="0" /></lines>
			</method>
			<method name="(anonymous_47)"  hits="0"  signature="()V" >
				<lines><line number="303"  hits="0" /></lines>
			</method>
			<method name="(anonymous_48)"  hits="0"  signature="()V" >
				<lines><line number="307"  hits="0" /></lines>
			</method>
		</methods>
		<lines>
			<line number="2"  hits="1"  branch="false" />
			<line number="3"  hits="1"  branch="false" />
			<line number="4"  hits="1"  branch="false" />
			<line number="5"  hits="1"  branch="false" />
			<line number="6"  hits="1"  branch="false" />
			<line number="7"  hits="1"  branch="false" />
			<line number="9"  hits="1"  branch="false" />
			<line number="10"  hits="1"  branch="false" />
			<line number="11"  hits="1"  branch="false" />
			<line number="12"  hits="1"  branch="false" />
			<line number="14"  hits="1"  branch="false" />
			<line number="15"  hits="1"  branch="false" />
			<line number="16"  hits="1"  branch="false" />
			<line number="17"  hits="0"  branch="false" />
			<line number="18"  hits="0"  branch="false" />
			<line number="19"  hits="0"  branch="false" />
			<line number="20"  hits="0"  branch="false" />
			<line number="21"  hits="0"  branch="false" />
			<line number="22"  hits="0"  branch="false" />
			<line number="23"  hits="0"  branch="false" />
			<line number="24"  hits="0"  branch="false" />
			<line number="25"  hits="0"  branch="false" />
			<line number="26"  hits="0"  branch="false" />
			<line number="28"  hits="1"  branch="false" />
			<line number="30"  hits="0"  branch="false" />
			<line number="33"  hits="0"  branch="true"  condition-coverage="0% (0/2)" />
			<line number="34"  hits="0"  branch="false" />
			<line number="35"  hits="0"  branch="false" />
			<line number="41"  hits="1"  branch="false" />
			<line number="42"  hits="0"  branch="false" />
			<line number="44"  hits="1"  branch="false" />
			<line number="45"  hits="0"  branch="false" />
			<line number="47"  hits="1"  branch="false" />
			<line number="48"  hits="0"  branch="false" />
			<line number="50"  hits="0"  branch="false" />
			<line number="52"  hits="1"  branch="false" />
			<line number="53"  hits="0"  branch="false" />
			<line number="54"  hits="0"  branch="false" />
			<line number="55"  hits="0"  branch="false" />
			<line number="56"  hits="0"  branch="false" />
			<line number="59"  hits="1"  branch="false" />
			<line number="60"  hits="0"  branch="false" />
			<line number="61"  hits="0"  branch="false" />
			<line number="62"  hits="0"  branch="false" />
			<line number="63"  hits="0"  branch="true"  condition-coverage="0% (0/2)" />
			<line number="64"  hits="0"  branch="false" />
			<line number="66"  hits="0"  branch="false" />
			<line number="67"  hits="0"  branch="false" />
			<line number="68"  hits="0"  branch="false" />
			<line number="69"  hits="0"  branch="true"  condition-coverage="0% (0/2)" />
			<line number="70"  hits="0"  branch="false" />
			<line number="72"  hits="0"  branch="false" />
			<line number="83"  hits="1"  branch="false" />
			<line number="84"  hits="0"  branch="false" />
			<line number="86"  hits="1"  branch="false" />
			<line number="87"  hits="0"  branch="false" />
			<line number="88"  hits="0"  branch="false" />
			<line number="91"  hits="0"  branch="false" />
			<line number="93"  hits="0"  branch="false" />
			<line number="95"  hits="1"  branch="false" />
			<line number="96"  hits="0"  branch="true"  condition-coverage="0% (0/2)" />
			<line number="97"  hits="0"  branch="false" />
			<line number="99"  hits="0"  branch="false" />
			<line number="100"  hits="0"  branch="true"  condition-coverage="0% (0/2)" />
			<line number="101"  hits="0"  branch="false" />
			<line number="103"  hits="0"  branch="false" />
			<line number="104"  hits="0"  branch="false" />
			<line number="105"  hits="0"  branch="true"  condition-coverage="0% (0/4)" />
			<line number="106"  hits="0"  branch="false" />
			<line number="108"  hits="0"  branch="false" />
			<line number="109"  hits="0"  branch="true"  condition-coverage="0% (0/2)" />
			<line number="110"  hits="0"  branch="false" />
			<line number="113"  hits="0"  branch="false" />
			<line number="117"  hits="1"  branch="false" />
			<line number="118"  hits="0"  branch="false" />
			<line number="119"  hits="0"  branch="false" />
			<line number="120"  hits="0"  branch="false" />
			<line number="121"  hits="0"  branch="true"  condition-coverage="0% (0/2)" />
			<line number="122"  hits="0"  branch="false" />
			<line number="123"  hits="0"  branch="false" />
			<line number="124"  hits="0"  branch="false" />
			<line number="125"  hits="0"  branch="true"  condition-coverage="0% (0/2)" />
			<line number="126"  hits="0"  branch="false" />
			<line number="127"  hits="0"  branch="false" />
			<line number="128"  hits="0"  branch="true"  condition-coverage="0% (0/2)" />
			<line number="129"  hits="0"  branch="false" />
			<line number="132"  hits="0"  branch="true"  condition-coverage="0% (0/2)" />
			<line number="133"  hits="0"  branch="false" />
			<line number="134"  hits="0"  branch="false" />
			<line number="137"  hits="0"  branch="false" />
			<line number="138"  hits="0"  branch="false" />
			<line number="140"  hits="0"  branch="false" />
			<line number="141"  hits="0"  branch="false" />
			<line number="142"  hits="0"  branch="false" />
			<line number="143"  hits="0"  branch="true"  condition-coverage="0% (0/2)" />
			<line number="144"  hits="0"  branch="false" />
			<line number="148"  hits="0"  branch="true"  condition-coverage="0% (0/2)" />
			<line number="149"  hits="0"  branch="true"  condition-coverage="0% (0/2)" />
			<line number="150"  hits="0"  branch="false" />
			<line number="153"  hits="0"  branch="false" />
			<line number="154"  hits="0"  branch="false" />
			<line number="155"  hits="0"  branch="false" />
			<line number="156"  hits="0"  branch="false" />
			<line number="157"  hits="0"  branch="false" />
			<line number="158"  hits="0"  branch="true"  condition-coverage="0% (0/2)" />
			<line number="159"  hits="0"  branch="false" />
			<line number="161"  hits="0"  branch="false" />
			<line number="162"  hits="0"  branch="false" />
			<line number="163"  hits="0"  branch="false" />
			<line number="165"  hits="0"  branch="false" />
			<line number="166"  hits="0"  branch="false" />
			<line number="168"  hits="0"  branch="false" />
			<line number="169"  hits="0"  branch="false" />
			<line number="171"  hits="0"  branch="false" />
			<line number="172"  hits="0"  branch="false" />
			<line number="174"  hits="0"  branch="false" />
			<line number="175"  hits="0"  branch="false" />
			<line number="177"  hits="0"  branch="false" />
			<line number="178"  hits="0"  branch="false" />
			<line number="180"  hits="0"  branch="false" />
			<line number="181"  hits="0"  branch="false" />
			<line number="183"  hits="0"  branch="false" />
			<line number="184"  hits="0"  branch="false" />
			<line number="186"  hits="0"  branch="false" />
			<line number="187"  hits="0"  branch="false" />
			<line number="188"  hits="0"  branch="false" />
			<line number="191"  hits="0"  branch="false" />
			<line number="192"  hits="0"  branch="false" />
			<line number="194"  hits="0"  branch="false" />
			<line number="195"  hits="0"  branch="false" />
			<line number="198"  hits="1"  branch="false" />
			<line number="199"  hits="0"  branch="false" />
			<line number="200"  hits="0"  branch="false" />
			<line number="201"  hits="0"  branch="false" />
			<line number="202"  hits="0"  branch="false" />
			<line number="203"  hits="0"  branch="false" />
			<line number="204"  hits="0"  branch="false" />
			<line number="205"  hits="0"  branch="true"  condition-coverage="0% (0/2)" />
			<line number="206"  hits="0"  branch="false" />
			<line number="210"  hits="1"  branch="false" />
			<line number="211"  hits="0"  branch="false" />
			<line number="212"  hits="0"  branch="false" />
			<line number="213"  hits="0"  branch="true"  condition-coverage="0% (0/2)" />
			<line number="214"  hits="0"  branch="true"  condition-coverage="0% (0/2)" />
			<line number="215"  hits="0"  branch="false" />
			<line number="219"  hits="0"  branch="false" />
			<line number="221"  hits="0"  branch="true"  condition-coverage="0% (0/2)" />
			<line number="222"  hits="0"  branch="false" />
			<line number="223"  hits="0"  branch="false" />
			<line number="226"  hits="0"  branch="false" />
			<line number="228"  hits="1"  branch="false" />
			<line number="229"  hits="0"  branch="false" />
			<line number="234"  hits="1"  branch="false" />
			<line number="235"  hits="0"  branch="false" />
			<line number="236"  hits="0"  branch="true"  condition-coverage="0% (0/2)" />
			<line number="237"  hits="0"  branch="false" />
			<line number="239"  hits="0"  branch="false" />
			<line number="240"  hits="0"  branch="false" />
			<line number="241"  hits="0"  branch="true"  condition-coverage="0% (0/2)" />
			<line number="242"  hits="0"  branch="false" />
			<line number="245"  hits="1"  branch="false" />
			<line number="246"  hits="0"  branch="false" />
			<line number="247"  hits="0"  branch="false" />
			<line number="248"  hits="0"  branch="false" />
			<line number="249"  hits="0"  branch="false" />
			<line number="252"  hits="1"  branch="false" />
			<line number="253"  hits="0"  branch="false" />
			<line number="255"  hits="1"  branch="false" />
			<line number="256"  hits="0"  branch="false" />
			<line number="258"  hits="1"  branch="false" />
			<line number="259"  hits="0"  branch="false" />
			<line number="260"  hits="0"  branch="false" />
			<line number="262"  hits="1"  branch="false" />
			<line number="263"  hits="0"  branch="false" />
			<line number="264"  hits="0"  branch="false" />
			<line number="265"  hits="0"  branch="false" />
			<line number="266"  hits="0"  branch="true"  condition-coverage="0% (0/4)" />
			<line number="267"  hits="0"  branch="false" />
			<line number="268"  hits="0"  branch="false" />
			<line number="270"  hits="0"  branch="false" />
			<line number="276"  hits="0"  branch="false" />
			<line number="280"  hits="1"  branch="false" />
			<line number="281"  hits="0"  branch="false" />
			<line number="282"  hits="0"  branch="true"  condition-coverage="0% (0/2)" />
			<line number="283"  hits="0"  branch="false" />
			<line number="285"  hits="0"  branch="false" />
			<line number="287"  hits="1"  branch="false" />
			<line number="288"  hits="0"  branch="false" />
			<line number="289"  hits="0"  branch="true"  condition-coverage="0% (0/4)" />
			<line number="290"  hits="0"  branch="false" />
			<line number="291"  hits="0"  branch="true"  condition-coverage="0% (0/2)" />
			<line number="292"  hits="0"  branch="false" />
			<line number="294"  hits="0"  branch="false" />
			<line number="295"  hits="0"  branch="false" />
			<line number="296"  hits="0"  branch="false" />
			<line number="297"  hits="0"  branch="false" />
			<line number="299"  hits="0"  branch="false" />
			<line number="301"  hits="0"  branch="false" />
			<line number="303"  hits="1"  branch="false" />
			<line number="304"  hits="0"  branch="false" />
			<line number="305"  hits="0"  branch="false" />
			<line number="307"  hits="1"  branch="false" />
			<line number="308"  hits="0"  branch="false" />
			<line number="309"  hits="0"  branch="true"  condition-coverage="0% (0/2)" />
			<line number="310"  hits="0"  branch="false" />
			<line number="312"  hits="0"  branch="false" />
			<line number="314"  hits="1"  branch="false" />
			<line number="319"  hits="1"  branch="false" />
			<line number="321"  hits="1"  branch="false" />
		</lines>
		</class>
		<class name="base-control.ts"  filename="src/app/base-control.ts"  line-rate="0.961"  branch-rate="0.8181999999999999" >
		<methods>
			<method name="(anonymous_1)"  hits="1"  signature="()V" >
				<lines><line number="4"  hits="1" /></lines>
			</method>
			<method name="AmpFormGroup"  hits="42"  signature="()V" >
				<lines><line number="6"  hits="42" /></lines>
			</method>
			<method name="(anonymous_3)"  hits="1"  signature="()V" >
				<lines><line number="12"  hits="1" /></lines>
			</method>
			<method name="BaseControl"  hits="233"  signature="()V" >
				<lines><line number="13"  hits="233" /></lines>
			</method>
			<method name="(anonymous_5)"  hits="691"  signature="()V" >
				<lines><line number="19"  hits="691" /></lines>
			</method>
			<method name="(anonymous_6)"  hits="0"  signature="()V" >
				<lines><line number="22"  hits="0" /></lines>
			</method>
			<method name="(anonymous_7)"  hits="787"  signature="()V" >
				<lines><line number="25"  hits="787" /></lines>
			</method>
			<method name="(anonymous_8)"  hits="256"  signature="()V" >
				<lines><line number="28"  hits="256" /></lines>
			</method>
			<method name="(anonymous_9)"  hits="1109"  signature="()V" >
				<lines><line number="35"  hits="1109" /></lines>
			</method>
			<method name="(anonymous_10)"  hits="222"  signature="()V" >
				<lines><line number="38"  hits="222" /></lines>
			</method>
			<method name="(anonymous_11)"  hits="2077"  signature="()V" >
				<lines><line number="45"  hits="2077" /></lines>
			</method>
			<method name="(anonymous_12)"  hits="233"  signature="()V" >
				<lines><line number="48"  hits="233" /></lines>
			</method>
			<method name="(anonymous_13)"  hits="233"  signature="()V" >
				<lines><line number="55"  hits="233" /></lines>
			</method>
			<method name="(anonymous_14)"  hits="168"  signature="()V" >
				<lines><line number="58"  hits="168" /></lines>
			</method>
			<method name="(anonymous_15)"  hits="336"  signature="()V" >
				<lines><line number="65"  hits="336" /></lines>
			</method>
			<method name="(anonymous_16)"  hits="7"  signature="()V" >
				<lines><line number="86"  hits="7" /></lines>
			</method>
			<method name="(anonymous_17)"  hits="1516"  signature="()V" >
				<lines><line number="102"  hits="1516" /></lines>
			</method>
			<method name="(anonymous_18)"  hits="51"  signature="()V" >
				<lines><line number="105"  hits="51" /></lines>
			</method>
			<method name="(anonymous_19)"  hits="519"  signature="()V" >
				<lines><line number="122"  hits="519" /></lines>
			</method>
			<method name="(anonymous_20)"  hits="256"  signature="()V" >
				<lines><line number="125"  hits="256" /></lines>
			</method>
			<method name="(anonymous_21)"  hits="775"  signature="()V" >
				<lines><line number="133"  hits="775" /></lines>
			</method>
			<method name="(anonymous_22)"  hits="21"  signature="()V" >
				<lines><line number="136"  hits="21" /></lines>
			</method>
			<method name="(anonymous_23)"  hits="2280"  signature="()V" >
				<lines><line number="144"  hits="2280" /></lines>
			</method>
			<method name="(anonymous_24)"  hits="233"  signature="()V" >
				<lines><line number="150"  hits="233" /></lines>
			</method>
			<method name="(anonymous_25)"  hits="233"  signature="()V" >
				<lines><line number="158"  hits="233" /></lines>
			</method>
			<method name="(anonymous_26)"  hits="321"  signature="()V" >
				<lines><line number="164"  hits="321" /></lines>
			</method>
		</methods>
		<lines>
			<line number="2"  hits="1"  branch="false" />
			<line number="3"  hits="1"  branch="false" />
			<line number="4"  hits="1"  branch="false" />
			<line number="5"  hits="1"  branch="false" />
			<line number="6"  hits="1"  branch="false" />
			<line number="7"  hits="42"  branch="false" />
			<line number="9"  hits="1"  branch="false" />
			<line number="11"  hits="1"  branch="false" />
			<line number="12"  hits="1"  branch="false" />
			<line number="13"  hits="1"  branch="false" />
			<line number="14"  hits="233"  branch="false" />
			<line number="15"  hits="233"  branch="false" />
			<line number="16"  hits="233"  branch="false" />
			<line number="17"  hits="233"  branch="false" />
			<line number="18"  hits="233"  branch="false" />
			<line number="19"  hits="233"  branch="false" />
			<line number="22"  hits="1"  branch="false" />
			<line number="24"  hits="1"  branch="false" />
			<line number="26"  hits="787"  branch="false" />
			<line number="29"  hits="256"  branch="false" />
			<line number="34"  hits="1"  branch="false" />
			<line number="36"  hits="1109"  branch="false" />
			<line number="39"  hits="222"  branch="false" />
			<line number="44"  hits="1"  branch="false" />
			<line number="46"  hits="2077"  branch="false" />
			<line number="49"  hits="233"  branch="false" />
			<line number="50"  hits="233"  branch="false" />
			<line number="55"  hits="1"  branch="false" />
			<line number="56"  hits="233"  branch="false" />
			<line number="58"  hits="1"  branch="false" />
			<line number="59"  hits="168"  branch="true"  condition-coverage="50% (1/2)" />
			<line number="60"  hits="168"  branch="true"  condition-coverage="100% (4/4)" />
			<line number="61"  hits="167"  branch="false" />
			<line number="65"  hits="1"  branch="false" />
			<line number="66"  hits="336"  branch="true"  condition-coverage="100% (2/2)" />
			<line number="68"  hits="168"  branch="false" />
			<line number="69"  hits="168"  branch="true"  condition-coverage="50% (1/2)" />
			<line number="70"  hits="168"  branch="true"  condition-coverage="50% (1/2)" />
			<line number="71"  hits="0"  branch="false" />
			<line number="74"  hits="168"  branch="false" />
			<line number="75"  hits="168"  branch="false" />
			<line number="79"  hits="0"  branch="false" />
			<line number="81"  hits="168"  branch="false" />
			<line number="82"  hits="168"  branch="false" />
			<line number="85"  hits="1"  branch="false" />
			<line number="87"  hits="7"  branch="true"  condition-coverage="50% (1/2)" />
			<line number="88"  hits="0"  branch="false" />
			<line number="93"  hits="7"  branch="false" />
			<line number="101"  hits="1"  branch="false" />
			<line number="103"  hits="1516"  branch="false" />
			<line number="106"  hits="51"  branch="true"  condition-coverage="100% (2/2)" />
			<line number="107"  hits="1"  branch="false" />
			<line number="112"  hits="50"  branch="false" />
			<line number="116"  hits="51"  branch="false" />
			<line number="121"  hits="1"  branch="false" />
			<line number="123"  hits="519"  branch="false" />
			<line number="126"  hits="256"  branch="false" />
			<line number="127"  hits="256"  branch="false" />
			<line number="132"  hits="1"  branch="false" />
			<line number="134"  hits="775"  branch="false" />
			<line number="137"  hits="21"  branch="false" />
			<line number="138"  hits="21"  branch="false" />
			<line number="143"  hits="1"  branch="false" />
			<line number="145"  hits="2280"  branch="false" />
			<line number="150"  hits="1"  branch="false" />
			<line number="151"  hits="233"  branch="true"  condition-coverage="100% (4/4)" />
			<line number="152"  hits="178"  branch="false" />
			<line number="155"  hits="55"  branch="false" />
			<line number="158"  hits="1"  branch="false" />
			<line number="159"  hits="233"  branch="false" />
			<line number="160"  hits="233"  branch="true"  condition-coverage="100% (2/2)" />
			<line number="161"  hits="49"  branch="false" />
			<line number="163"  hits="233"  branch="false" />
			<line number="164"  hits="233"  branch="false" />
			<line number="165"  hits="321"  branch="false" />
			<line number="168"  hits="1"  branch="false" />
			<line number="170"  hits="1"  branch="false" />
		</lines>
		</class>
		<class name="form-block.ts"  filename="src/app/form-block.ts"  line-rate="0.2125"  branch-rate="0" >
		<methods>
			<method name="(anonymous_1)"  hits="1"  signature="()V" >
				<lines><line number="3"  hits="1" /></lines>
			</method>
			<method name="FormBlock"  hits="0"  signature="()V" >
				<lines><line number="4"  hits="0" /></lines>
			</method>
			<method name="(anonymous_3)"  hits="0"  signature="()V" >
				<lines><line number="20"  hits="0" /></lines>
			</method>
			<method name="(anonymous_4)"  hits="0"  signature="()V" >
				<lines><line number="23"  hits="0" /></lines>
			</method>
			<method name="(anonymous_5)"  hits="0"  signature="()V" >
				<lines><line number="33"  hits="0" /></lines>
			</method>
			<method name="(anonymous_6)"  hits="0"  signature="()V" >
				<lines><line number="36"  hits="0" /></lines>
			</method>
			<method name="(anonymous_7)"  hits="0"  signature="()V" >
				<lines><line number="39"  hits="0" /></lines>
			</method>
			<method name="(anonymous_8)"  hits="0"  signature="()V" >
				<lines><line number="41"  hits="0" /></lines>
			</method>
			<method name="(anonymous_9)"  hits="0"  signature="()V" >
				<lines><line number="61"  hits="0" /></lines>
			</method>
			<method name="(anonymous_10)"  hits="0"  signature="()V" >
				<lines><line number="65"  hits="0" /></lines>
			</method>
			<method name="(anonymous_11)"  hits="0"  signature="()V" >
				<lines><line number="70"  hits="0" /></lines>
			</method>
			<method name="(anonymous_12)"  hits="0"  signature="()V" >
				<lines><line number="78"  hits="0" /></lines>
			</method>
			<method name="(anonymous_13)"  hits="0"  signature="()V" >
				<lines><line number="86"  hits="0" /></lines>
			</method>
			<method name="(anonymous_14)"  hits="0"  signature="()V" >
				<lines><line number="92"  hits="0" /></lines>
			</method>
			<method name="(anonymous_15)"  hits="0"  signature="()V" >
				<lines><line number="95"  hits="0" /></lines>
			</method>
			<method name="(anonymous_16)"  hits="0"  signature="()V" >
				<lines><line number="105"  hits="0" /></lines>
			</method>
			<method name="(anonymous_17)"  hits="0"  signature="()V" >
				<lines><line number="108"  hits="0" /></lines>
			</method>
		</methods>
		<lines>
			<line number="2"  hits="1"  branch="false" />
			<line number="3"  hits="1"  branch="false" />
			<line number="4"  hits="1"  branch="false" />
			<line number="5"  hits="0"  branch="false" />
			<line number="6"  hits="0"  branch="false" />
			<line number="7"  hits="0"  branch="false" />
			<line number="8"  hits="0"  branch="false" />
			<line number="9"  hits="0"  branch="false" />
			<line number="10"  hits="0"  branch="false" />
			<line number="11"  hits="0"  branch="false" />
			<line number="12"  hits="0"  branch="false" />
			<line number="13"  hits="0"  branch="false" />
			<line number="14"  hits="0"  branch="false" />
			<line number="15"  hits="0"  branch="false" />
			<line number="16"  hits="0"  branch="false" />
			<line number="17"  hits="0"  branch="false" />
			<line number="18"  hits="0"  branch="false" />
			<line number="20"  hits="1"  branch="false" />
			<line number="21"  hits="0"  branch="false" />
			<line number="23"  hits="1"  branch="false" />
			<line number="24"  hits="0"  branch="false" />
			<line number="25"  hits="0"  branch="false" />
			<line number="26"  hits="0"  branch="false" />
			<line number="27"  hits="0"  branch="false" />
			<line number="28"  hits="0"  branch="true"  condition-coverage="0% (0/2)" />
			<line number="29"  hits="0"  branch="false" />
			<line number="31"  hits="0"  branch="false" />
			<line number="33"  hits="1"  branch="false" />
			<line number="34"  hits="0"  branch="false" />
			<line number="36"  hits="1"  branch="false" />
			<line number="37"  hits="0"  branch="false" />
			<line number="39"  hits="1"  branch="false" />
			<line number="40"  hits="0"  branch="false" />
			<line number="41"  hits="0"  branch="false" />
			<line number="42"  hits="0"  branch="true"  condition-coverage="0% (0/2)" />
			<line number="43"  hits="0"  branch="false" />
			<line number="46"  hits="0"  branch="false" />
			<line number="47"  hits="0"  branch="true"  condition-coverage="0% (0/2)" />
			<line number="48"  hits="0"  branch="false" />
			<line number="50"  hits="0"  branch="true"  condition-coverage="0% (0/4)" />
			<line number="51"  hits="0"  branch="false" />
			<line number="52"  hits="0"  branch="true"  condition-coverage="0% (0/2)" />
			<line number="53"  hits="0"  branch="false" />
			<line number="54"  hits="0"  branch="false" />
			<line number="61"  hits="1"  branch="false" />
			<line number="62"  hits="0"  branch="false" />
			<line number="63"  hits="0"  branch="false" />
			<line number="65"  hits="1"  branch="false" />
			<line number="66"  hits="0"  branch="false" />
			<line number="67"  hits="0"  branch="false" />
			<line number="68"  hits="0"  branch="false" />
			<line number="70"  hits="1"  branch="false" />
			<line number="71"  hits="0"  branch="false" />
			<line number="72"  hits="0"  branch="true"  condition-coverage="0% (0/2)" />
			<line number="73"  hits="0"  branch="false" />
			<line number="74"  hits="0"  branch="false" />
			<line number="75"  hits="0"  branch="true"  condition-coverage="0% (0/2)" />
			<line number="76"  hits="0"  branch="false" />
			<line number="78"  hits="0"  branch="false" />
			<line number="79"  hits="0"  branch="false" />
			<line number="80"  hits="0"  branch="false" />
			<line number="81"  hits="0"  branch="false" />
			<line number="85"  hits="1"  branch="false" />
			<line number="87"  hits="0"  branch="false" />
			<line number="92"  hits="1"  branch="false" />
			<line number="93"  hits="0"  branch="false" />
			<line number="94"  hits="0"  branch="true"  condition-coverage="0% (0/2)" />
			<line number="95"  hits="0"  branch="false" />
			<line number="96"  hits="0"  branch="true"  condition-coverage="0% (0/4)" />
			<line number="97"  hits="0"  branch="false" />
			<line number="98"  hits="0"  branch="false" />
			<line number="99"  hits="0"  branch="false" />
			<line number="100"  hits="0"  branch="false" />
			<line number="105"  hits="1"  branch="false" />
			<line number="106"  hits="0"  branch="false" />
			<line number="108"  hits="1"  branch="false" />
			<line number="109"  hits="0"  branch="true"  condition-coverage="0% (0/2)" />
			<line number="110"  hits="0"  branch="false" />
			<line number="113"  hits="1"  branch="false" />
			<line number="115"  hits="1"  branch="false" />
		</lines>
		</class>
	</classes>
	</package>
	<package name="app.abstracts.association-length"  line-rate="0.47369999999999995"  branch-rate="0" >
	<classes>
		<class name="association-length.abstract.ts"  filename="src/app/abstracts/association-length/association-length.abstract.ts"  line-rate="0.47369999999999995"  branch-rate="0" >
		<methods>
			<method name="(anonymous_1)"  hits="1"  signature="()V" >
				<lines><line number="2"  hits="1" /></lines>
			</method>
			<method name="AssociationLengthAbstract"  hits="0"  signature="()V" >
				<lines><line number="3"  hits="0" /></lines>
			</method>
			<method name="(anonymous_3)"  hits="0"  signature="()V" >
				<lines><line number="6"  hits="0" /></lines>
			</method>
			<method name="(anonymous_4)"  hits="0"  signature="()V" >
				<lines><line number="12"  hits="0" /></lines>
			</method>
			<method name="(anonymous_5)"  hits="0"  signature="()V" >
				<lines><line number="15"  hits="0" /></lines>
			</method>
			<method name="(anonymous_6)"  hits="0"  signature="()V" >
				<lines><line number="26"  hits="0" /></lines>
			</method>
			<method name="(anonymous_7)"  hits="0"  signature="()V" >
				<lines><line number="94"  hits="0" /></lines>
			</method>
		</methods>
		<lines>
			<line number="2"  hits="1"  branch="false" />
			<line number="3"  hits="1"  branch="false" />
			<line number="5"  hits="1"  branch="false" />
			<line number="7"  hits="0"  branch="false" />
			<line number="12"  hits="1"  branch="false" />
			<line number="13"  hits="0"  branch="false" />
			<line number="15"  hits="1"  branch="false" />
			<line number="16"  hits="0"  branch="false" />
			<line number="17"  hits="0"  branch="false" />
			<line number="18"  hits="0"  branch="false" />
			<line number="19"  hits="0"  branch="true"  condition-coverage="0% (0/2)" />
			<line number="20"  hits="0"  branch="false" />
			<line number="23"  hits="0"  branch="false" />
			<line number="25"  hits="1"  branch="false" />
			<line number="27"  hits="0"  branch="false" />
			<line number="32"  hits="1"  branch="false" />
			<line number="95"  hits="0"  branch="true"  condition-coverage="0% (0/2)" />
			<line number="98"  hits="1"  branch="false" />
			<line number="100"  hits="1"  branch="false" />
		</lines>
		</class>
	</classes>
	</package>
	<package name="app.abstracts.environments"  line-rate="0.9473999999999999"  branch-rate="0.5" >
	<classes>
		<class name="environments.abstract.ts"  filename="src/app/abstracts/environments/environments.abstract.ts"  line-rate="0.9473999999999999"  branch-rate="0.5" >
		<methods>
			<method name="(anonymous_1)"  hits="1"  signature="()V" >
				<lines><line number="2"  hits="1" /></lines>
			</method>
			<method name="GwServiceEnvProperty"  hits="0"  signature="()V" >
				<lines><line number="3"  hits="0" /></lines>
			</method>
			<method name="(anonymous_3)"  hits="1"  signature="()V" >
				<lines><line number="13"  hits="1" /></lines>
			</method>
			<method name="RootEnvProperty"  hits="1"  signature="()V" >
				<lines><line number="14"  hits="1" /></lines>
			</method>
			<method name="(anonymous_5)"  hits="1"  signature="()V" >
				<lines><line number="22"  hits="1" /></lines>
			</method>
			<method name="Environments"  hits="0"  signature="()V" >
				<lines><line number="23"  hits="0" /></lines>
			</method>
			<method name="(anonymous_7)"  hits="4"  signature="()V" >
				<lines><line number="26"  hits="4" /></lines>
			</method>
		</methods>
		<lines>
			<line number="2"  hits="1"  branch="false" />
			<line number="3"  hits="1"  branch="false" />
			<line number="5"  hits="1"  branch="false" />
			<line number="7"  hits="1"  branch="false" />
			<line number="13"  hits="1"  branch="false" />
			<line number="14"  hits="1"  branch="false" />
			<line number="15"  hits="1"  branch="true"  condition-coverage="50% (1/2)" />
			<line number="16"  hits="1"  branch="false" />
			<line number="19"  hits="1"  branch="false" />
			<line number="21"  hits="1"  branch="false" />
			<line number="22"  hits="1"  branch="false" />
			<line number="23"  hits="1"  branch="false" />
			<line number="25"  hits="1"  branch="false" />
			<line number="27"  hits="4"  branch="true"  condition-coverage="50% (1/2)" />
			<line number="29"  hits="0"  branch="false" />
			<line number="37"  hits="4"  branch="false" />
			<line number="43"  hits="1"  branch="false" />
			<line number="44"  hits="1"  branch="false" />
			<line number="46"  hits="1"  branch="false" />
		</lines>
		</class>
	</classes>
	</package>
	<package name="app.abstracts.exercise-date"  line-rate="0.4"  branch-rate="0" >
	<classes>
		<class name="exercise-date.abstract.ts"  filename="src/app/abstracts/exercise-date/exercise-date.abstract.ts"  line-rate="0.4"  branch-rate="0" >
		<methods>
			<method name="(anonymous_1)"  hits="1"  signature="()V" >
				<lines><line number="2"  hits="1" /></lines>
			</method>
			<method name="ExerciseDateAbstract"  hits="0"  signature="()V" >
				<lines><line number="3"  hits="0" /></lines>
			</method>
			<method name="(anonymous_3)"  hits="0"  signature="()V" >
				<lines><line number="5"  hits="0" /></lines>
			</method>
			<method name="(anonymous_4)"  hits="0"  signature="()V" >
				<lines><line number="9"  hits="0" /></lines>
			</method>
			<method name="(anonymous_5)"  hits="0"  signature="()V" >
				<lines><line number="16"  hits="0" /></lines>
			</method>
			<method name="(anonymous_6)"  hits="0"  signature="()V" >
				<lines><line number="22"  hits="0" /></lines>
			</method>
			<method name="(anonymous_7)"  hits="0"  signature="()V" >
				<lines><line number="31"  hits="0" /></lines>
			</method>
			<method name="(anonymous_8)"  hits="0"  signature="()V" >
				<lines><line number="205"  hits="0" /></lines>
			</method>
			<method name="(anonymous_9)"  hits="0"  signature="()V" >
				<lines><line number="208"  hits="0" /></lines>
			</method>
		</methods>
		<lines>
			<line number="2"  hits="1"  branch="false" />
			<line number="3"  hits="1"  branch="false" />
			<line number="5"  hits="1"  branch="false" />
			<line number="6"  hits="0"  branch="false" />
			<line number="8"  hits="1"  branch="false" />
			<line number="10"  hits="0"  branch="false" />
			<line number="15"  hits="1"  branch="false" />
			<line number="17"  hits="0"  branch="false" />
			<line number="22"  hits="1"  branch="false" />
			<line number="23"  hits="0"  branch="false" />
			<line number="24"  hits="0"  branch="false" />
			<line number="25"  hits="0"  branch="true"  condition-coverage="0% (0/2)" />
			<line number="26"  hits="0"  branch="false" />
			<line number="29"  hits="0"  branch="false" />
			<line number="31"  hits="1"  branch="false" />
			<line number="32"  hits="0"  branch="false" />
			<line number="33"  hits="0"  branch="false" />
			<line number="34"  hits="0"  branch="true"  condition-coverage="0% (0/2)" />
			<line number="35"  hits="0"  branch="false" />
			<line number="38"  hits="0"  branch="false" />
			<line number="40"  hits="1"  branch="false" />
			<line number="206"  hits="0"  branch="true"  condition-coverage="0% (0/2)" />
			<line number="209"  hits="0"  branch="true"  condition-coverage="0% (0/2)" />
			<line number="212"  hits="1"  branch="false" />
			<line number="214"  hits="1"  branch="false" />
		</lines>
		</class>
	</classes>
	</package>
	<package name="app.abstracts.licensee"  line-rate="0.619"  branch-rate="0" >
	<classes>
		<class name="licensee.abstract.ts"  filename="src/app/abstracts/licensee/licensee.abstract.ts"  line-rate="0.619"  branch-rate="0" >
		<methods>
			<method name="(anonymous_1)"  hits="1"  signature="()V" >
				<lines><line number="2"  hits="1" /></lines>
			</method>
			<method name="LicenseesAbstract"  hits="0"  signature="()V" >
				<lines><line number="3"  hits="0" /></lines>
			</method>
			<method name="(anonymous_3)"  hits="0"  signature="()V" >
				<lines><line number="6"  hits="0" /></lines>
			</method>
			<method name="(anonymous_4)"  hits="0"  signature="()V" >
				<lines><line number="12"  hits="0" /></lines>
			</method>
			<method name="(anonymous_5)"  hits="0"  signature="()V" >
				<lines><line number="21"  hits="0" /></lines>
			</method>
			<method name="(anonymous_6)"  hits="0"  signature="()V" >
				<lines><line number="27"  hits="0" /></lines>
			</method>
			<method name="(anonymous_7)"  hits="0"  signature="()V" >
				<lines><line number="30"  hits="0" /></lines>
			</method>
			<method name="(anonymous_8)"  hits="0"  signature="()V" >
				<lines><line number="34"  hits="0" /></lines>
			</method>
		</methods>
		<lines>
			<line number="2"  hits="1"  branch="false" />
			<line number="3"  hits="1"  branch="false" />
			<line number="5"  hits="1"  branch="false" />
			<line number="7"  hits="0"  branch="false" />
			<line number="12"  hits="1"  branch="false" />
			<line number="13"  hits="0"  branch="true"  condition-coverage="0% (0/2)" />
			<line number="14"  hits="0"  branch="false" />
			<line number="17"  hits="0"  branch="false" />
			<line number="20"  hits="1"  branch="false" />
			<line number="22"  hits="0"  branch="false" />
			<line number="27"  hits="1"  branch="false" />
			<line number="28"  hits="0"  branch="true"  condition-coverage="0% (0/2)" />
			<line number="30"  hits="1"  branch="false" />
			<line number="31"  hits="0"  branch="false" />
			<line number="33"  hits="1"  branch="false" />
			<line number="35"  hits="0"  branch="false" />
			<line number="40"  hits="1"  branch="false" />
			<line number="46"  hits="1"  branch="false" />
			<line number="52"  hits="1"  branch="false" />
			<line number="82"  hits="1"  branch="false" />
			<line number="84"  hits="1"  branch="false" />
		</lines>
		</class>
	</classes>
	</package>
	<package name="app.abstracts.timeframes"  line-rate="0.7778"  branch-rate="0" >
	<classes>
		<class name="timeframes.abstract.ts"  filename="src/app/abstracts/timeframes/timeframes.abstract.ts"  line-rate="0.7778"  branch-rate="0" >
		<methods>
			<method name="(anonymous_1)"  hits="1"  signature="()V" >
				<lines><line number="2"  hits="1" /></lines>
			</method>
			<method name="TimeframesAbstract"  hits="0"  signature="()V" >
				<lines><line number="3"  hits="0" /></lines>
			</method>
			<method name="(anonymous_3)"  hits="0"  signature="()V" >
				<lines><line number="6"  hits="0" /></lines>
			</method>
			<method name="(anonymous_4)"  hits="0"  signature="()V" >
				<lines><line number="12"  hits="0" /></lines>
			</method>
		</methods>
		<lines>
			<line number="2"  hits="1"  branch="false" />
			<line number="3"  hits="1"  branch="false" />
			<line number="5"  hits="1"  branch="false" />
			<line number="7"  hits="0"  branch="false" />
			<line number="12"  hits="1"  branch="false" />
			<line number="13"  hits="0"  branch="true"  condition-coverage="0% (0/2)" />
			<line number="15"  hits="1"  branch="false" />
			<line number="23"  hits="1"  branch="false" />
			<line number="25"  hits="1"  branch="false" />
		</lines>
		</class>
	</classes>
	</package>
	<package name="app.decorators"  line-rate="0.9412"  branch-rate="0.8332999999999999" >
	<classes>
		<class name="amp-component.decorator.ts"  filename="src/app/decorators/amp-component.decorator.ts"  line-rate="0.9412"  branch-rate="0.8332999999999999" >
		<methods>
			<method name="AmpComponent"  hits="13"  signature="()V" >
				<lines><line number="5"  hits="13" /></lines>
			</method>
			<method name="(anonymous_2)"  hits="13"  signature="()V" >
				<lines><line number="6"  hits="13" /></lines>
			</method>
			<method name="(anonymous_3)"  hits="234"  signature="()V" >
				<lines><line number="10"  hits="234" /></lines>
			</method>
		</methods>
		<lines>
			<line number="2"  hits="1"  branch="false" />
			<line number="3"  hits="1"  branch="false" />
			<line number="4"  hits="1"  branch="false" />
			<line number="5"  hits="1"  branch="false" />
			<line number="6"  hits="13"  branch="false" />
			<line number="7"  hits="13"  branch="false" />
			<line number="8"  hits="13"  branch="false" />
			<line number="9"  hits="13"  branch="false" />
			<line number="10"  hits="13"  branch="false" />
			<line number="11"  hits="234"  branch="true"  condition-coverage="100% (2/2)" />
			<line number="12"  hits="87"  branch="true"  condition-coverage="50% (1/2)" />
			<line number="13"  hits="0"  branch="false" />
			<line number="16"  hits="87"  branch="true"  condition-coverage="100% (2/2)" />
			<line number="17"  hits="74"  branch="false" />
			<line number="22"  hits="13"  branch="false" />
			<line number="23"  hits="13"  branch="false" />
			<line number="26"  hits="1"  branch="false" />
		</lines>
		</class>
	</classes>
	</package>
	<package name="app.modules.amp-button"  line-rate="1"  branch-rate="1" >
	<classes>
		<class name="amp-button.module.ts"  filename="src/app/modules/amp-button/amp-button.module.ts"  line-rate="1"  branch-rate="1" >
		<methods>
			<method name="(anonymous_1)"  hits="1"  signature="()V" >
				<lines><line number="6"  hits="1" /></lines>
			</method>
			<method name="AmpButtonModule"  hits="41"  signature="()V" >
				<lines><line number="7"  hits="41" /></lines>
			</method>
		</methods>
		<lines>
			<line number="2"  hits="1"  branch="false" />
			<line number="3"  hits="1"  branch="false" />
			<line number="4"  hits="1"  branch="false" />
			<line number="5"  hits="1"  branch="false" />
			<line number="6"  hits="1"  branch="false" />
			<line number="7"  hits="1"  branch="false" />
			<line number="9"  hits="1"  branch="false" />
			<line number="19"  hits="1"  branch="false" />
			<line number="21"  hits="1"  branch="false" />
		</lines>
		</class>
		<class name="index.ts"  filename="src/app/modules/amp-button/index.ts"  line-rate="1"  branch-rate="1" >
		<methods>
		</methods>
		<lines>
			<line number="2"  hits="1"  branch="false" />
			<line number="3"  hits="1"  branch="false" />
			<line number="4"  hits="1"  branch="false" />
			<line number="5"  hits="1"  branch="false" />
		</lines>
		</class>
	</classes>
	</package>
	<package name="app.modules.amp-button.components.amp-button"  line-rate="0.9091"  branch-rate="0.6667000000000001" >
	<classes>
		<class name="amp-button.component.ts"  filename="src/app/modules/amp-button/components/amp-button/amp-button.component.ts"  line-rate="0.9091"  branch-rate="0.6667000000000001" >
		<methods>
			<method name="(anonymous_1)"  hits="1"  signature="()V" >
				<lines><line number="4"  hits="1" /></lines>
			</method>
			<method name="AmpButton"  hits="6"  signature="()V" >
				<lines><line number="5"  hits="6" /></lines>
			</method>
			<method name="(anonymous_3)"  hits="6"  signature="()V" >
				<lines><line number="14"  hits="6" /></lines>
			</method>
			<method name="(anonymous_4)"  hits="6"  signature="()V" >
				<lines><line number="16"  hits="6" /></lines>
			</method>
		</methods>
		<lines>
			<line number="2"  hits="1"  branch="false" />
			<line number="3"  hits="1"  branch="false" />
			<line number="4"  hits="1"  branch="false" />
			<line number="5"  hits="1"  branch="false" />
			<line number="6"  hits="6"  branch="false" />
			<line number="7"  hits="6"  branch="false" />
			<line number="8"  hits="6"  branch="false" />
			<line number="9"  hits="6"  branch="false" />
			<line number="10"  hits="6"  branch="false" />
			<line number="11"  hits="6"  branch="false" />
			<line number="12"  hits="6"  branch="false" />
			<line number="14"  hits="1"  branch="false" />
			<line number="15"  hits="6"  branch="false" />
			<line number="16"  hits="6"  branch="false" />
			<line number="17"  hits="6"  branch="false" />
			<line number="18"  hits="6"  branch="true"  condition-coverage="50% (1/2)" />
			<line number="19"  hits="6"  branch="false" />
			<line number="21"  hits="6"  branch="true"  condition-coverage="50% (2/4)" />
			<line number="22"  hits="6"  branch="true"  condition-coverage="50% (1/2)" />
			<line number="23"  hits="6"  branch="true"  condition-coverage="50% (2/4)" />
			<line number="24"  hits="0"  branch="false" />
			<line number="28"  hits="0"  branch="false" />
			<line number="30"  hits="6"  branch="false" />
			<line number="33"  hits="1"  branch="false" />
			<line number="37"  hits="1"  branch="false" />
			<line number="41"  hits="1"  branch="false" />
			<line number="45"  hits="1"  branch="false" />
			<line number="49"  hits="1"  branch="false" />
			<line number="53"  hits="1"  branch="false" />
			<line number="57"  hits="1"  branch="false" />
			<line number="66"  hits="1"  branch="false" />
			<line number="67"  hits="0"  branch="false" />
			<line number="69"  hits="1"  branch="false" />
		</lines>
		</class>
	</classes>
	</package>
	<package name="app.modules.amp-cards"  line-rate="1"  branch-rate="1" >
	<classes>
		<class name="amp-cards.module.ts"  filename="src/app/modules/amp-cards/amp-cards.module.ts"  line-rate="1"  branch-rate="1" >
		<methods>
			<method name="(anonymous_1)"  hits="1"  signature="()V" >
				<lines><line number="7"  hits="1" /></lines>
			</method>
			<method name="AmpCardsModule"  hits="0"  signature="()V" >
				<lines><line number="8"  hits="0" /></lines>
			</method>
		</methods>
		<lines>
			<line number="2"  hits="1"  branch="false" />
			<line number="3"  hits="1"  branch="false" />
			<line number="4"  hits="1"  branch="false" />
			<line number="5"  hits="1"  branch="false" />
			<line number="6"  hits="1"  branch="false" />
			<line number="7"  hits="1"  branch="false" />
			<line number="8"  hits="1"  branch="false" />
			<line number="10"  hits="1"  branch="false" />
			<line number="20"  hits="1"  branch="false" />
			<line number="22"  hits="1"  branch="false" />
		</lines>
		</class>
		<class name="index.ts"  filename="src/app/modules/amp-cards/index.ts"  line-rate="1"  branch-rate="1" >
		<methods>
		</methods>
		<lines>
			<line number="2"  hits="1"  branch="false" />
			<line number="3"  hits="1"  branch="false" />
			<line number="4"  hits="1"  branch="false" />
			<line number="5"  hits="1"  branch="false" />
			<line number="6"  hits="1"  branch="false" />
			<line number="7"  hits="1"  branch="false" />
		</lines>
		</class>
	</classes>
	</package>
	<package name="app.modules.amp-cards.components.amp-card"  line-rate="0.6875"  branch-rate="0" >
	<classes>
		<class name="amp-card.component.ts"  filename="src/app/modules/amp-cards/components/amp-card/amp-card.component.ts"  line-rate="0.6875"  branch-rate="0" >
		<methods>
			<method name="(anonymous_1)"  hits="1"  signature="()V" >
				<lines><line number="3"  hits="1" /></lines>
			</method>
			<method name="AmpCardComponent"  hits="0"  signature="()V" >
				<lines><line number="4"  hits="0" /></lines>
			</method>
			<method name="(anonymous_3)"  hits="0"  signature="()V" >
				<lines><line number="9"  hits="0" /></lines>
			</method>
		</methods>
		<lines>
			<line number="2"  hits="1"  branch="false" />
			<line number="3"  hits="1"  branch="false" />
			<line number="4"  hits="1"  branch="false" />
			<line number="5"  hits="0"  branch="false" />
			<line number="6"  hits="0"  branch="false" />
			<line number="7"  hits="0"  branch="false" />
			<line number="9"  hits="1"  branch="false" />
			<line number="10"  hits="0"  branch="true"  condition-coverage="0% (0/2)" />
			<line number="11"  hits="0"  branch="false" />
			<line number="14"  hits="1"  branch="false" />
			<line number="18"  hits="1"  branch="false" />
			<line number="22"  hits="1"  branch="false" />
			<line number="26"  hits="1"  branch="false" />
			<line number="30"  hits="1"  branch="false" />
			<line number="39"  hits="1"  branch="false" />
			<line number="41"  hits="1"  branch="false" />
		</lines>
		</class>
	</classes>
	</package>
	<package name="app.modules.amp-cards.components.amp-cards"  line-rate="0.8"  branch-rate="1" >
	<classes>
		<class name="amp-cards.component.ts"  filename="src/app/modules/amp-cards/components/amp-cards/amp-cards.component.ts"  line-rate="0.8"  branch-rate="1" >
		<methods>
			<method name="(anonymous_1)"  hits="1"  signature="()V" >
				<lines><line number="3"  hits="1" /></lines>
			</method>
			<method name="AmpCardsComponent"  hits="0"  signature="()V" >
				<lines><line number="4"  hits="0" /></lines>
			</method>
		</methods>
		<lines>
			<line number="2"  hits="1"  branch="false" />
			<line number="3"  hits="1"  branch="false" />
			<line number="4"  hits="1"  branch="false" />
			<line number="5"  hits="0"  branch="false" />
			<line number="6"  hits="0"  branch="false" />
			<line number="8"  hits="1"  branch="false" />
			<line number="12"  hits="1"  branch="false" />
			<line number="16"  hits="1"  branch="false" />
			<line number="25"  hits="1"  branch="false" />
			<line number="27"  hits="1"  branch="false" />
		</lines>
		</class>
	</classes>
	</package>
	<package name="app.modules.amp-checkbox"  line-rate="1"  branch-rate="1" >
	<classes>
		<class name="amp-checkbox.module.ts"  filename="src/app/modules/amp-checkbox/amp-checkbox.module.ts"  line-rate="1"  branch-rate="1" >
		<methods>
			<method name="(anonymous_1)"  hits="1"  signature="()V" >
				<lines><line number="7"  hits="1" /></lines>
			</method>
			<method name="AmpCheckboxModule"  hits="30"  signature="()V" >
				<lines><line number="8"  hits="30" /></lines>
			</method>
		</methods>
		<lines>
			<line number="2"  hits="1"  branch="false" />
			<line number="3"  hits="1"  branch="false" />
			<line number="4"  hits="1"  branch="false" />
			<line number="5"  hits="1"  branch="false" />
			<line number="6"  hits="1"  branch="false" />
			<line number="7"  hits="1"  branch="false" />
			<line number="8"  hits="1"  branch="false" />
			<line number="10"  hits="1"  branch="false" />
			<line number="21"  hits="1"  branch="false" />
			<line number="23"  hits="1"  branch="false" />
		</lines>
		</class>
		<class name="index.ts"  filename="src/app/modules/amp-checkbox/index.ts"  line-rate="1"  branch-rate="1" >
		<methods>
		</methods>
		<lines>
			<line number="2"  hits="1"  branch="false" />
			<line number="3"  hits="1"  branch="false" />
			<line number="4"  hits="1"  branch="false" />
			<line number="5"  hits="1"  branch="false" />
		</lines>
		</class>
	</classes>
	</package>
	<package name="app.modules.amp-checkbox.components.amp-checkbox"  line-rate="0.8462000000000001"  branch-rate="0.6364" >
	<classes>
		<class name="amp-checkbox.component.ts"  filename="src/app/modules/amp-checkbox/components/amp-checkbox/amp-checkbox.component.ts"  line-rate="0.8462000000000001"  branch-rate="0.6364" >
		<methods>
			<method name="(anonymous_1)"  hits="1"  signature="()V" >
				<lines><line number="8"  hits="1" /></lines>
			</method>
			<method name="AmpCheckboxComponent"  hits="7"  signature="()V" >
				<lines><line number="10"  hits="7" /></lines>
			</method>
			<method name="(anonymous_3)"  hits="15"  signature="()V" >
				<lines><line number="25"  hits="15" /></lines>
			</method>
			<method name="(anonymous_4)"  hits="7"  signature="()V" >
				<lines><line number="35"  hits="7" /></lines>
			</method>
			<method name="(anonymous_5)"  hits="0"  signature="()V" >
				<lines><line number="40"  hits="0" /></lines>
			</method>
			<method name="(anonymous_6)"  hits="28"  signature="()V" >
				<lines><line number="45"  hits="28" /></lines>
			</method>
			<method name="(anonymous_7)"  hits="0"  signature="()V" >
				<lines><line number="48"  hits="0" /></lines>
			</method>
			<method name="(anonymous_8)"  hits="40"  signature="()V" >
				<lines><line number="55"  hits="40" /></lines>
			</method>
			<method name="(anonymous_9)"  hits="8"  signature="()V" >
				<lines><line number="65"  hits="8" /></lines>
			</method>
			<method name="(anonymous_10)"  hits="2"  signature="()V" >
				<lines><line number="76"  hits="2" /></lines>
			</method>
			<method name="(anonymous_11)"  hits="2"  signature="()V" >
				<lines><line number="85"  hits="2" /></lines>
			</method>
		</methods>
		<lines>
			<line number="2"  hits="1"  branch="false" />
			<line number="3"  hits="1"  branch="false" />
			<line number="4"  hits="1"  branch="false" />
			<line number="5"  hits="1"  branch="false" />
			<line number="6"  hits="1"  branch="false" />
			<line number="7"  hits="1"  branch="false" />
			<line number="8"  hits="1"  branch="false" />
			<line number="9"  hits="1"  branch="false" />
			<line number="10"  hits="1"  branch="false" />
			<line number="11"  hits="7"  branch="false" />
			<line number="12"  hits="7"  branch="false" />
			<line number="13"  hits="7"  branch="false" />
			<line number="14"  hits="7"  branch="false" />
			<line number="15"  hits="7"  branch="false" />
			<line number="16"  hits="7"  branch="false" />
			<line number="23"  hits="7"  branch="false" />
			<line number="25"  hits="1"  branch="false" />
			<line number="26"  hits="15"  branch="true"  condition-coverage="50% (1/2)" />
			<line number="27"  hits="15"  branch="false" />
			<line number="31"  hits="15"  branch="false" />
			<line number="32"  hits="15"  branch="false" />
			<line number="35"  hits="1"  branch="false" />
			<line number="36"  hits="7"  branch="false" />
			<line number="37"  hits="7"  branch="false" />
			<line number="38"  hits="7"  branch="false" />
			<line number="40"  hits="1"  branch="false" />
			<line number="42"  hits="0"  branch="true"  condition-coverage="0% (0/2)" />
			<line number="44"  hits="1"  branch="false" />
			<line number="46"  hits="28"  branch="false" />
			<line number="49"  hits="0"  branch="false" />
			<line number="54"  hits="1"  branch="false" />
			<line number="58"  hits="40"  branch="true"  condition-coverage="50% (1/2)" />
			<line number="59"  hits="40"  branch="false" />
			<line number="62"  hits="0"  branch="false" />
			<line number="66"  hits="8"  branch="false" />
			<line number="67"  hits="8"  branch="false" />
			<line number="76"  hits="1"  branch="false" />
			<line number="77"  hits="2"  branch="false" />
			<line number="78"  hits="2"  branch="true"  condition-coverage="75% (3/4)" />
			<line number="79"  hits="0"  branch="false" />
			<line number="80"  hits="0"  branch="false" />
			<line number="82"  hits="2"  branch="false" />
			<line number="83"  hits="2"  branch="false" />
			<line number="85"  hits="1"  branch="false" />
			<line number="86"  hits="2"  branch="true"  condition-coverage="50% (2/4)" />
			<line number="87"  hits="0"  branch="false" />
			<line number="89"  hits="2"  branch="true"  condition-coverage="50% (2/4)" />
			<line number="90"  hits="0"  branch="false" />
			<line number="93"  hits="1"  branch="false" />
			<line number="123"  hits="1"  branch="false" />
			<line number="124"  hits="0"  branch="false" />
			<line number="126"  hits="1"  branch="false" />
		</lines>
		</class>
	</classes>
	</package>
	<package name="app.modules.amp-directives"  line-rate="1"  branch-rate="1" >
	<classes>
		<class name="amp-directives.module.ts"  filename="src/app/modules/amp-directives/amp-directives.module.ts"  line-rate="1"  branch-rate="1" >
		<methods>
			<method name="(anonymous_1)"  hits="1"  signature="()V" >
				<lines><line number="19"  hits="1" /></lines>
			</method>
			<method name="AmpDirectivesModule"  hits="63"  signature="()V" >
				<lines><line number="20"  hits="63" /></lines>
			</method>
		</methods>
		<lines>
			<line number="2"  hits="1"  branch="false" />
			<line number="3"  hits="1"  branch="false" />
			<line number="4"  hits="1"  branch="false" />
			<line number="5"  hits="1"  branch="false" />
			<line number="6"  hits="1"  branch="false" />
			<line number="7"  hits="1"  branch="false" />
			<line number="8"  hits="1"  branch="false" />
			<line number="9"  hits="1"  branch="false" />
			<line number="10"  hits="1"  branch="false" />
			<line number="19"  hits="1"  branch="false" />
			<line number="20"  hits="1"  branch="false" />
			<line number="22"  hits="1"  branch="false" />
			<line number="29"  hits="1"  branch="false" />
			<line number="31"  hits="1"  branch="false" />
		</lines>
		</class>
		<class name="index.ts"  filename="src/app/modules/amp-directives/index.ts"  line-rate="1"  branch-rate="1" >
		<methods>
		</methods>
		<lines>
			<line number="2"  hits="1"  branch="false" />
			<line number="3"  hits="1"  branch="false" />
			<line number="4"  hits="1"  branch="false" />
			<line number="5"  hits="1"  branch="false" />
			<line number="6"  hits="1"  branch="false" />
			<line number="7"  hits="1"  branch="false" />
			<line number="8"  hits="1"  branch="false" />
			<line number="9"  hits="1"  branch="false" />
			<line number="10"  hits="1"  branch="false" />
			<line number="11"  hits="1"  branch="false" />
			<line number="12"  hits="1"  branch="false" />
			<line number="13"  hits="1"  branch="false" />
			<line number="14"  hits="1"  branch="false" />
			<line number="15"  hits="1"  branch="false" />
			<line number="16"  hits="1"  branch="false" />
			<line number="17"  hits="1"  branch="false" />
		</lines>
		</class>
	</classes>
	</package>
	<package name="app.modules.amp-directives.directives.auto-focus-on"  line-rate="0.5625"  branch-rate="0.8" >
	<classes>
		<class name="auto-focus-on.directive.ts"  filename="src/app/modules/amp-directives/directives/auto-focus-on/auto-focus-on.directive.ts"  line-rate="0.5625"  branch-rate="0.8" >
		<methods>
			<method name="(anonymous_1)"  hits="1"  signature="()V" >
				<lines><line number="3"  hits="1" /></lines>
			</method>
			<method name="AutoFocusOnDirective"  hits="0"  signature="()V" >
				<lines><line number="4"  hits="0" /></lines>
			</method>
			<method name="(anonymous_3)"  hits="0"  signature="()V" >
				<lines><line number="9"  hits="0" /></lines>
			</method>
			<method name="(anonymous_4)"  hits="0"  signature="()V" >
				<lines><line number="11"  hits="0" /></lines>
			</method>
		</methods>
		<lines>
			<line number="2"  hits="1"  branch="false" />
			<line number="3"  hits="1"  branch="false" />
			<line number="4"  hits="1"  branch="false" />
			<line number="5"  hits="0"  branch="false" />
			<line number="6"  hits="0"  branch="false" />
			<line number="7"  hits="0"  branch="false" />
			<line number="9"  hits="1"  branch="false" />
			<line number="10"  hits="0"  branch="false" />
			<line number="11"  hits="0"  branch="false" />
			<line number="12"  hits="0"  branch="false" />
			<line number="15"  hits="1"  branch="false" />
			<line number="19"  hits="1"  branch="false" />
			<line number="23"  hits="1"  branch="false" />
			<line number="29"  hits="1"  branch="false" />
			<line number="30"  hits="0"  branch="false" />
			<line number="32"  hits="1"  branch="false" />
		</lines>
		</class>
	</classes>
	</package>
	<package name="app.modules.amp-directives.directives.auto-focus"  line-rate="0.8"  branch-rate="0.7143" >
	<classes>
		<class name="auto-focus.directive.ts"  filename="src/app/modules/amp-directives/directives/auto-focus/auto-focus.directive.ts"  line-rate="0.8"  branch-rate="0.7143" >
		<methods>
			<method name="(anonymous_1)"  hits="1"  signature="()V" >
				<lines><line number="3"  hits="1" /></lines>
			</method>
			<method name="AutoFocusDirective"  hits="21"  signature="()V" >
				<lines><line number="4"  hits="21" /></lines>
			</method>
			<method name="(anonymous_3)"  hits="21"  signature="()V" >
				<lines><line number="9"  hits="21" /></lines>
			</method>
			<method name="(anonymous_4)"  hits="0"  signature="()V" >
				<lines><line number="12"  hits="0" /></lines>
			</method>
		</methods>
		<lines>
			<line number="2"  hits="1"  branch="false" />
			<line number="3"  hits="1"  branch="false" />
			<line number="4"  hits="1"  branch="false" />
			<line number="5"  hits="21"  branch="false" />
			<line number="6"  hits="21"  branch="false" />
			<line number="8"  hits="1"  branch="false" />
			<line number="10"  hits="21"  branch="false" />
			<line number="11"  hits="21"  branch="true"  condition-coverage="50% (1/2)" />
			<line number="12"  hits="0"  branch="false" />
			<line number="13"  hits="0"  branch="false" />
			<line number="20"  hits="1"  branch="false" />
			<line number="24"  hits="1"  branch="false" />
			<line number="31"  hits="1"  branch="false" />
			<line number="32"  hits="0"  branch="false" />
			<line number="34"  hits="1"  branch="false" />
		</lines>
		</class>
	</classes>
	</package>
	<package name="app.modules.amp-directives.directives.auto-sticky-on-scroll"  line-rate="0.3556"  branch-rate="0.48" >
	<classes>
		<class name="amp-sticky-on-scroll.directive.ts"  filename="src/app/modules/amp-directives/directives/auto-sticky-on-scroll/amp-sticky-on-scroll.directive.ts"  line-rate="0.3556"  branch-rate="0.48" >
		<methods>
			<method name="(anonymous_1)"  hits="1"  signature="()V" >
				<lines><line number="9"  hits="1" /></lines>
			</method>
			<method name="AmpStickyOnScrollDirective"  hits="0"  signature="()V" >
				<lines><line number="10"  hits="0" /></lines>
			</method>
			<method name="(anonymous_3)"  hits="0"  signature="()V" >
				<lines><line number="18"  hits="0" /></lines>
			</method>
			<method name="(anonymous_4)"  hits="0"  signature="()V" >
				<lines><line number="22"  hits="0" /></lines>
			</method>
			<method name="(anonymous_5)"  hits="0"  signature="()V" >
				<lines><line number="24"  hits="0" /></lines>
			</method>
			<method name="(anonymous_6)"  hits="0"  signature="()V" >
				<lines><line number="30"  hits="0" /></lines>
			</method>
			<method name="(anonymous_7)"  hits="0"  signature="()V" >
				<lines><line number="38"  hits="0" /></lines>
			</method>
			<method name="(anonymous_8)"  hits="0"  signature="()V" >
				<lines><line number="44"  hits="0" /></lines>
			</method>
			<method name="(anonymous_9)"  hits="0"  signature="()V" >
				<lines><line number="52"  hits="0" /></lines>
			</method>
		</methods>
		<lines>
			<line number="2"  hits="1"  branch="false" />
			<line number="3"  hits="1"  branch="false" />
			<line number="5"  hits="1"  branch="false" />
			<line number="6"  hits="1"  branch="false" />
			<line number="7"  hits="1"  branch="false" />
			<line number="8"  hits="1"  branch="false" />
			<line number="9"  hits="1"  branch="false" />
			<line number="10"  hits="1"  branch="false" />
			<line number="11"  hits="0"  branch="false" />
			<line number="12"  hits="0"  branch="false" />
			<line number="13"  hits="0"  branch="false" />
			<line number="14"  hits="0"  branch="false" />
			<line number="15"  hits="0"  branch="false" />
			<line number="16"  hits="0"  branch="false" />
			<line number="18"  hits="1"  branch="false" />
			<line number="19"  hits="0"  branch="false" />
			<line number="20"  hits="0"  branch="true"  condition-coverage="0% (0/2)" />
			<line number="21"  hits="0"  branch="true"  condition-coverage="0% (0/2)" />
			<line number="22"  hits="0"  branch="false" />
			<line number="23"  hits="0"  branch="false" />
			<line number="24"  hits="0"  branch="false" />
			<line number="25"  hits="0"  branch="false" />
			<line number="28"  hits="0"  branch="false" />
			<line number="30"  hits="1"  branch="false" />
			<line number="31"  hits="0"  branch="true"  condition-coverage="0% (0/2)" />
			<line number="32"  hits="0"  branch="false" />
			<line number="35"  hits="0"  branch="false" />
			<line number="38"  hits="1"  branch="false" />
			<line number="39"  hits="0"  branch="false" />
			<line number="40"  hits="0"  branch="true"  condition-coverage="0% (0/2)" />
			<line number="41"  hits="0"  branch="false" />
			<line number="45"  hits="0"  branch="false" />
			<line number="46"  hits="0"  branch="false" />
			<line number="47"  hits="0"  branch="false" />
			<line number="48"  hits="0"  branch="false" />
			<line number="52"  hits="1"  branch="false" />
			<line number="53"  hits="0"  branch="true"  condition-coverage="0% (0/2)" />
			<line number="54"  hits="0"  branch="false" />
			<line number="55"  hits="0"  branch="false" />
			<line number="56"  hits="0"  branch="false" />
			<line number="59"  hits="1"  branch="false" />
			<line number="63"  hits="1"  branch="false" />
			<line number="69"  hits="1"  branch="false" />
			<line number="70"  hits="0"  branch="false" />
			<line number="72"  hits="1"  branch="false" />
		</lines>
		</class>
	</classes>
	</package>
	<package name="app.modules.amp-directives.directives.clicked-outside"  line-rate="0.9565"  branch-rate="0.8181999999999999" >
	<classes>
		<class name="clicked-outside.directive.ts"  filename="src/app/modules/amp-directives/directives/clicked-outside/clicked-outside.directive.ts"  line-rate="0.9565"  branch-rate="0.8181999999999999" >
		<methods>
			<method name="(anonymous_1)"  hits="1"  signature="()V" >
				<lines><line number="3"  hits="1" /></lines>
			</method>
			<method name="ClickedOutsideDirective"  hits="86"  signature="()V" >
				<lines><line number="4"  hits="86" /></lines>
			</method>
			<method name="(anonymous_3)"  hits="20"  signature="()V" >
				<lines><line number="8"  hits="20" /></lines>
			</method>
			<method name="(anonymous_4)"  hits="20"  signature="()V" >
				<lines><line number="16"  hits="20" /></lines>
			</method>
		</methods>
		<lines>
			<line number="2"  hits="1"  branch="false" />
			<line number="3"  hits="1"  branch="false" />
			<line number="4"  hits="1"  branch="false" />
			<line number="5"  hits="86"  branch="false" />
			<line number="6"  hits="86"  branch="false" />
			<line number="8"  hits="1"  branch="false" />
			<line number="9"  hits="20"  branch="true"  condition-coverage="100% (2/2)" />
			<line number="10"  hits="3"  branch="false" />
			<line number="11"  hits="3"  branch="true"  condition-coverage="50% (1/2)" />
			<line number="12"  hits="3"  branch="false" />
			<line number="16"  hits="1"  branch="false" />
			<line number="17"  hits="20"  branch="false" />
			<line number="18"  hits="20"  branch="false" />
			<line number="19"  hits="20"  branch="false" />
			<line number="20"  hits="67"  branch="true"  condition-coverage="100% (2/2)" />
			<line number="21"  hits="17"  branch="false" />
			<line number="23"  hits="50"  branch="false" />
			<line number="25"  hits="3"  branch="false" />
			<line number="27"  hits="1"  branch="false" />
			<line number="31"  hits="1"  branch="false" />
			<line number="41"  hits="1"  branch="false" />
			<line number="42"  hits="0"  branch="false" />
			<line number="44"  hits="1"  branch="false" />
		</lines>
		</class>
	</classes>
	</package>
	<package name="app.modules.amp-directives.directives.focuser"  line-rate="0.43060000000000004"  branch-rate="0.25420000000000004" >
	<classes>
		<class name="focuser.directive.ts"  filename="src/app/modules/amp-directives/directives/focuser/focuser.directive.ts"  line-rate="0.43060000000000004"  branch-rate="0.25420000000000004" >
		<methods>
			<method name="(anonymous_1)"  hits="1"  signature="()V" >
				<lines><line number="5"  hits="1" /></lines>
			</method>
			<method name="FocuserDirective"  hits="167"  signature="()V" >
				<lines><line number="6"  hits="167" /></lines>
			</method>
			<method name="(anonymous_3)"  hits="22"  signature="()V" >
				<lines><line number="15"  hits="22" /></lines>
			</method>
			<method name="(anonymous_4)"  hits="0"  signature="()V" >
				<lines><line number="50"  hits="0" /></lines>
			</method>
			<method name="(anonymous_5)"  hits="0"  signature="()V" >
				<lines><line number="70"  hits="0" /></lines>
			</method>
			<method name="(anonymous_6)"  hits="0"  signature="()V" >
				<lines><line number="78"  hits="0" /></lines>
			</method>
			<method name="(anonymous_7)"  hits="0"  signature="()V" >
				<lines><line number="88"  hits="0" /></lines>
			</method>
			<method name="(anonymous_8)"  hits="0"  signature="()V" >
				<lines><line number="94"  hits="0" /></lines>
			</method>
			<method name="(anonymous_9)"  hits="0"  signature="()V" >
				<lines><line number="97"  hits="0" /></lines>
			</method>
		</methods>
		<lines>
			<line number="2"  hits="1"  branch="false" />
			<line number="3"  hits="1"  branch="false" />
			<line number="4"  hits="1"  branch="false" />
			<line number="5"  hits="1"  branch="false" />
			<line number="6"  hits="1"  branch="false" />
			<line number="7"  hits="167"  branch="false" />
			<line number="8"  hits="167"  branch="false" />
			<line number="9"  hits="167"  branch="false" />
			<line number="10"  hits="167"  branch="false" />
			<line number="11"  hits="167"  branch="false" />
			<line number="12"  hits="167"  branch="false" />
			<line number="13"  hits="167"  branch="false" />
			<line number="15"  hits="1"  branch="false" />
			<line number="16"  hits="22"  branch="true"  condition-coverage="100% (2/2)" />
			<line number="17"  hits="8"  branch="true"  condition-coverage="100% (2/2)" />
			<line number="18"  hits="7"  branch="false" />
			<line number="20"  hits="8"  branch="true"  condition-coverage="50% (1/2)" />
			<line number="21"  hits="8"  branch="false" />
			<line number="25"  hits="14"  branch="true"  condition-coverage="50% (1/2)" />
			<line number="26"  hits="14"  branch="false" />
			<line number="29"  hits="22"  branch="true"  condition-coverage="50% (1/2)" />
			<line number="30"  hits="0"  branch="false" />
			<line number="31"  hits="0"  branch="true"  condition-coverage="0% (0/4)" />
			<line number="32"  hits="0"  branch="false" />
			<line number="33"  hits="0"  branch="false" />
			<line number="34"  hits="0"  branch="true"  condition-coverage="0% (0/3)" />
			<line number="36"  hits="0"  branch="true"  condition-coverage="0% (0/2)" />
			<line number="37"  hits="0"  branch="false" />
			<line number="38"  hits="0"  branch="false" />
			<line number="40"  hits="0"  branch="true"  condition-coverage="0% (0/4)" />
			<line number="41"  hits="0"  branch="false" />
			<line number="42"  hits="0"  branch="false" />
			<line number="44"  hits="0"  branch="false" />
			<line number="45"  hits="0"  branch="false" />
			<line number="50"  hits="1"  branch="false" />
			<line number="51"  hits="0"  branch="true"  condition-coverage="0% (0/2)" />
			<line number="52"  hits="0"  branch="false" />
			<line number="54"  hits="0"  branch="false" />
			<line number="55"  hits="0"  branch="true"  condition-coverage="0% (0/4)" />
			<line number="56"  hits="0"  branch="false" />
			<line number="58"  hits="0"  branch="true"  condition-coverage="0% (0/5)" />
			<line number="59"  hits="0"  branch="false" />
			<line number="60"  hits="0"  branch="false" />
			<line number="62"  hits="0"  branch="true"  condition-coverage="0% (0/5)" />
			<line number="63"  hits="0"  branch="false" />
			<line number="64"  hits="0"  branch="false" />
			<line number="67"  hits="0"  branch="false" />
			<line number="70"  hits="1"  branch="false" />
			<line number="71"  hits="0"  branch="false" />
			<line number="72"  hits="0"  branch="true"  condition-coverage="0% (0/2)" />
			<line number="73"  hits="0"  branch="false" />
			<line number="74"  hits="0"  branch="false" />
			<line number="76"  hits="0"  branch="false" />
			<line number="78"  hits="1"  branch="false" />
			<line number="79"  hits="0"  branch="true"  condition-coverage="0% (0/4)" />
			<line number="80"  hits="0"  branch="false" />
			<line number="81"  hits="0"  branch="false" />
			<line number="84"  hits="0"  branch="false" />
			<line number="85"  hits="0"  branch="false" />
			<line number="88"  hits="1"  branch="false" />
			<line number="89"  hits="0"  branch="false" />
			<line number="90"  hits="0"  branch="true"  condition-coverage="0% (0/2)" />
			<line number="91"  hits="0"  branch="false" />
			<line number="94"  hits="1"  branch="false" />
			<line number="95"  hits="0"  branch="false" />
			<line number="97"  hits="1"  branch="false" />
			<line number="98"  hits="0"  branch="true"  condition-coverage="0% (0/2)" />
			<line number="100"  hits="1"  branch="false" />
			<line number="104"  hits="1"  branch="false" />
			<line number="114"  hits="1"  branch="false" />
			<line number="115"  hits="0"  branch="false" />
			<line number="117"  hits="1"  branch="false" />
		</lines>
		</class>
	</classes>
	</package>
	<package name="app.modules.amp-directives.directives.number"  line-rate="1"  branch-rate="1" >
	<classes>
		<class name="amp-number.directive.ts"  filename="src/app/modules/amp-directives/directives/number/amp-number.directive.ts"  line-rate="1"  branch-rate="1" >
		<methods>
			<method name="(anonymous_1)"  hits="1"  signature="()V" >
				<lines><line number="3"  hits="1" /></lines>
			</method>
			<method name="AmpNumberDirective"  hits="4"  signature="()V" >
				<lines><line number="4"  hits="4" /></lines>
			</method>
			<method name="(anonymous_3)"  hits="3"  signature="()V" >
				<lines><line number="6"  hits="3" /></lines>
			</method>
		</methods>
		<lines>
			<line number="2"  hits="1"  branch="false" />
			<line number="3"  hits="1"  branch="false" />
			<line number="4"  hits="1"  branch="false" />
			<line number="6"  hits="1"  branch="false" />
			<line number="7"  hits="3"  branch="false" />
			<line number="9"  hits="1"  branch="false" />
			<line number="18"  hits="1"  branch="false" />
			<line number="20"  hits="1"  branch="false" />
		</lines>
		</class>
	</classes>
	</package>
	<package name="app.modules.amp-directives.directives.theme-id"  line-rate="0.7"  branch-rate="0.8" >
	<classes>
		<class name="themeId.directive.ts"  filename="src/app/modules/amp-directives/directives/theme-id/themeId.directive.ts"  line-rate="0.7"  branch-rate="0.8" >
		<methods>
			<method name="(anonymous_1)"  hits="1"  signature="()V" >
				<lines><line number="5"  hits="1" /></lines>
			</method>
			<method name="ThemeIDDirective"  hits="0"  signature="()V" >
[...]
			<line number="118"  hits="1"  branch="false" />
			<line number="119"  hits="0"  branch="true"  condition-coverage="0% (0/2)" />
			<line number="120"  hits="0"  branch="false" />
			<line number="122"  hits="0"  branch="false" />
			<line number="123"  hits="0"  branch="false" />
			<line number="124"  hits="0"  branch="false" />
			<line number="125"  hits="0"  branch="false" />
			<line number="126"  hits="0"  branch="false" />
			<line number="127"  hits="0"  branch="true"  condition-coverage="0% (0/4)" />
			<line number="128"  hits="0"  branch="false" />
			<line number="130"  hits="0"  branch="true"  condition-coverage="0% (0/2)" />
			<line number="144"  hits="0"  branch="true"  condition-coverage="0% (0/2)" />
			<line number="145"  hits="0"  branch="false" />
			<line number="147"  hits="0"  branch="false" />
			<line number="149"  hits="1"  branch="false" />
			<line number="150"  hits="0"  branch="false" />
			<line number="152"  hits="1"  branch="false" />
			<line number="153"  hits="0"  branch="false" />
			<line number="155"  hits="1"  branch="false" />
			<line number="156"  hits="0"  branch="false" />
			<line number="157"  hits="0"  branch="false" />
			<line number="158"  hits="0"  branch="false" />
			<line number="160"  hits="1"  branch="false" />
			<line number="161"  hits="0"  branch="false" />
			<line number="163"  hits="1"  branch="false" />
			<line number="164"  hits="0"  branch="false" />
			<line number="165"  hits="0"  branch="false" />
			<line number="167"  hits="1"  branch="false" />
			<line number="174"  hits="0"  branch="true"  condition-coverage="0% (0/2)" />
			<line number="179"  hits="1"  branch="false" />
			<line number="181"  hits="0"  branch="false" />
			<line number="186"  hits="1"  branch="false" />
			<line number="188"  hits="0"  branch="false" />
			<line number="193"  hits="1"  branch="false" />
			<line number="194"  hits="0"  branch="true"  condition-coverage="0% (0/2)" />
			<line number="195"  hits="0"  branch="false" />
			<line number="197"  hits="0"  branch="true"  condition-coverage="0% (0/2)" />
			<line number="198"  hits="0"  branch="true"  condition-coverage="0% (0/2)" />
			<line number="199"  hits="0"  branch="false" />
			<line number="200"  hits="0"  branch="true"  condition-coverage="0% (0/2)" />
			<line number="202"  hits="0"  branch="true"  condition-coverage="0% (0/2)" />
			<line number="204"  hits="0"  branch="true"  condition-coverage="0% (0/2)" />
			<line number="205"  hits="0"  branch="true"  condition-coverage="0% (0/2)" />
			<line number="209"  hits="0"  branch="false" />
			<line number="210"  hits="0"  branch="true"  condition-coverage="0% (0/2)" />
			<line number="211"  hits="0"  branch="false" />
			<line number="214"  hits="0"  branch="false" />
			<line number="224"  hits="0"  branch="false" />
			<line number="225"  hits="0"  branch="true"  condition-coverage="0% (0/13)" />
			<line number="227"  hits="0"  branch="false" />
			<line number="229"  hits="0"  branch="false" />
			<line number="231"  hits="0"  branch="true"  condition-coverage="0% (0/2)" />
			<line number="233"  hits="0"  branch="false" />
			<line number="235"  hits="0"  branch="false" />
			<line number="237"  hits="0"  branch="true"  condition-coverage="0% (0/2)" />
			<line number="239"  hits="0"  branch="false" />
			<line number="241"  hits="0"  branch="false" />
			<line number="243"  hits="0"  branch="true"  condition-coverage="0% (0/2)" />
			<line number="245"  hits="0"  branch="false" />
			<line number="247"  hits="0"  branch="false" />
			<line number="249"  hits="0"  branch="true"  condition-coverage="0% (0/2)" />
			<line number="251"  hits="0"  branch="false" />
			<line number="257"  hits="0"  branch="false" />
			<line number="258"  hits="0"  branch="false" />
			<line number="259"  hits="0"  branch="true"  condition-coverage="0% (0/2)" />
			<line number="260"  hits="0"  branch="false" />
			<line number="261"  hits="0"  branch="false" />
			<line number="262"  hits="0"  branch="false" />
			<line number="265"  hits="0"  branch="false" />
			<line number="266"  hits="0"  branch="false" />
			<line number="269"  hits="0"  branch="false" />
			<line number="270"  hits="0"  branch="false" />
			<line number="271"  hits="0"  branch="false" />
			<line number="272"  hits="0"  branch="false" />
			<line number="273"  hits="0"  branch="false" />
			<line number="274"  hits="0"  branch="false" />
			<line number="275"  hits="0"  branch="false" />
			<line number="276"  hits="0"  branch="false" />
			<line number="277"  hits="0"  branch="false" />
			<line number="278"  hits="0"  branch="false" />
			<line number="282"  hits="0"  branch="false" />
			<line number="283"  hits="0"  branch="false" />
			<line number="284"  hits="0"  branch="false" />
			<line number="285"  hits="0"  branch="true"  condition-coverage="0% (0/2)" />
			<line number="286"  hits="0"  branch="false" />
			<line number="287"  hits="0"  branch="false" />
			<line number="290"  hits="0"  branch="false" />
			<line number="291"  hits="0"  branch="false" />
			<line number="293"  hits="0"  branch="true"  condition-coverage="0% (0/5)" />
			<line number="296"  hits="0"  branch="false" />
			<line number="297"  hits="0"  branch="false" />
			<line number="298"  hits="0"  branch="false" />
			<line number="299"  hits="0"  branch="false" />
			<line number="306"  hits="0"  branch="false" />
			<line number="307"  hits="0"  branch="false" />
			<line number="308"  hits="0"  branch="false" />
			<line number="309"  hits="0"  branch="true"  condition-coverage="0% (0/2)" />
			<line number="310"  hits="0"  branch="false" />
			<line number="311"  hits="0"  branch="true"  condition-coverage="0% (0/2)" />
			<line number="312"  hits="0"  branch="false" />
			<line number="315"  hits="0"  branch="false" />
			<line number="317"  hits="0"  branch="false" />
			<line number="319"  hits="0"  branch="false" />
			<line number="320"  hits="0"  branch="false" />
			<line number="324"  hits="1"  branch="false" />
			<line number="325"  hits="0"  branch="false" />
			<line number="327"  hits="1"  branch="false" />
			<line number="328"  hits="0"  branch="false" />
			<line number="329"  hits="0"  branch="false" />
			<line number="330"  hits="0"  branch="false" />
			<line number="331"  hits="0"  branch="false" />
			<line number="332"  hits="0"  branch="true"  condition-coverage="0% (0/2)" />
			<line number="334"  hits="0"  branch="false" />
			<line number="336"  hits="1"  branch="false" />
			<line number="340"  hits="1"  branch="false" />
			<line number="341"  hits="0"  branch="false" />
			<line number="343"  hits="1"  branch="false" />
		</lines>
		</class>
	</classes>
	</package>
	<package name="app.services.validation"  line-rate="0.39130000000000004"  branch-rate="0" >
	<classes>
		<class name="validation.service.ts"  filename="src/app/services/validation/validation.service.ts"  line-rate="0.39130000000000004"  branch-rate="0" >
		<methods>
			<method name="(anonymous_1)"  hits="1"  signature="()V" >
				<lines><line number="2"  hits="1" /></lines>
			</method>
			<method name="ValidationService"  hits="0"  signature="()V" >
				<lines><line number="3"  hits="0" /></lines>
			</method>
			<method name="(anonymous_3)"  hits="0"  signature="()V" >
				<lines><line number="5"  hits="0" /></lines>
			</method>
			<method name="(anonymous_4)"  hits="0"  signature="()V" >
				<lines><line number="15"  hits="0" /></lines>
			</method>
			<method name="(anonymous_5)"  hits="0"  signature="()V" >
				<lines><line number="24"  hits="0" /></lines>
			</method>
			<method name="(anonymous_6)"  hits="0"  signature="()V" >
				<lines><line number="33"  hits="0" /></lines>
			</method>
			<method name="(anonymous_7)"  hits="0"  signature="()V" >
				<lines><line number="42"  hits="0" /></lines>
			</method>
		</methods>
		<lines>
			<line number="2"  hits="1"  branch="false" />
			<line number="3"  hits="1"  branch="false" />
			<line number="5"  hits="1"  branch="false" />
			<line number="6"  hits="0"  branch="false" />
			<line number="13"  hits="0"  branch="false" />
			<line number="15"  hits="1"  branch="false" />
			<line number="17"  hits="0"  branch="true"  condition-coverage="0% (0/2)" />
			<line number="18"  hits="0"  branch="false" />
			<line number="21"  hits="0"  branch="false" />
			<line number="24"  hits="1"  branch="false" />
			<line number="26"  hits="0"  branch="true"  condition-coverage="0% (0/2)" />
			<line number="27"  hits="0"  branch="false" />
			<line number="30"  hits="0"  branch="false" />
			<line number="33"  hits="1"  branch="false" />
			<line number="35"  hits="0"  branch="true"  condition-coverage="0% (0/2)" />
			<line number="36"  hits="0"  branch="false" />
			<line number="39"  hits="0"  branch="false" />
			<line number="42"  hits="1"  branch="false" />
			<line number="45"  hits="0"  branch="true"  condition-coverage="0% (0/2)" />
			<line number="46"  hits="0"  branch="false" />
			<line number="49"  hits="0"  branch="false" />
			<line number="52"  hits="1"  branch="false" />
			<line number="54"  hits="1"  branch="false" />
		</lines>
		</class>
	</classes>
	</package>
	<package name="styleguide.services"  line-rate="0.2458"  branch-rate="0.057999999999999996" >
	<classes>
		<class name="mock-form-mode.service.ts"  filename="src/styleguide/services/mock-form-mode.service.ts"  line-rate="0.5"  branch-rate="1" >
		<methods>
			<method name="(anonymous_1)"  hits="1"  signature="()V" >
				<lines><line number="3"  hits="1" /></lines>
			</method>
			<method name="MockFormModelService"  hits="18"  signature="()V" >
				<lines><line number="4"  hits="18" /></lines>
			</method>
			<method name="(anonymous_3)"  hits="0"  signature="()V" >
				<lines><line number="33"  hits="0" /></lines>
			</method>
			<method name="(anonymous_4)"  hits="0"  signature="()V" >
				<lines><line number="34"  hits="0" /></lines>
			</method>
			<method name="(anonymous_5)"  hits="0"  signature="()V" >
				<lines><line number="43"  hits="0" /></lines>
			</method>
			<method name="(anonymous_6)"  hits="0"  signature="()V" >
				<lines><line number="48"  hits="0" /></lines>
			</method>
			<method name="(anonymous_7)"  hits="0"  signature="()V" >
				<lines><line number="49"  hits="0" /></lines>
			</method>
			<method name="(anonymous_8)"  hits="0"  signature="()V" >
				<lines><line number="55"  hits="0" /></lines>
			</method>
			<method name="(anonymous_9)"  hits="0"  signature="()V" >
				<lines><line number="60"  hits="0" /></lines>
			</method>
			<method name="(anonymous_10)"  hits="0"  signature="()V" >
				<lines><line number="63"  hits="0" /></lines>
			</method>
			<method name="(anonymous_11)"  hits="0"  signature="()V" >
				<lines><line number="67"  hits="0" /></lines>
			</method>
			<method name="(anonymous_12)"  hits="0"  signature="()V" >
				<lines><line number="73"  hits="0" /></lines>
			</method>
			<method name="(anonymous_13)"  hits="0"  signature="()V" >
				<lines><line number="76"  hits="0" /></lines>
			</method>
		</methods>
		<lines>
			<line number="2"  hits="1"  branch="false" />
			<line number="3"  hits="1"  branch="false" />
			<line number="4"  hits="1"  branch="false" />
			<line number="5"  hits="18"  branch="false" />
			<line number="33"  hits="1"  branch="false" />
			<line number="34"  hits="0"  branch="false" />
			<line number="35"  hits="0"  branch="false" />
			<line number="42"  hits="0"  branch="false" />
			<line number="43"  hits="0"  branch="false" />
			<line number="48"  hits="1"  branch="false" />
			<line number="49"  hits="0"  branch="false" />
			<line number="50"  hits="0"  branch="false" />
			<line number="54"  hits="0"  branch="false" />
			<line number="55"  hits="0"  branch="false" />
			<line number="60"  hits="1"  branch="false" />
			<line number="61"  hits="0"  branch="false" />
			<line number="63"  hits="1"  branch="false" />
			<line number="64"  hits="0"  branch="false" />
			<line number="66"  hits="1"  branch="false" />
			<line number="68"  hits="0"  branch="false" />
			<line number="73"  hits="1"  branch="false" />
			<line number="74"  hits="0"  branch="false" />
			<line number="76"  hits="1"  branch="false" />
			<line number="77"  hits="0"  branch="false" />
			<line number="79"  hits="1"  branch="false" />
			<line number="81"  hits="1"  branch="false" />
		</lines>
		</class>
		<class name="mock-scroll.service.ts"  filename="src/styleguide/services/mock-scroll.service.ts"  line-rate="0.1739"  branch-rate="0.057999999999999996" >
		<methods>
			<method name="(anonymous_1)"  hits="1"  signature="()V" >
				<lines><line number="4"  hits="1" /></lines>
			</method>
			<method name="MockScrollService"  hits="18"  signature="()V" >
				<lines><line number="5"  hits="18" /></lines>
			</method>
			<method name="(anonymous_3)"  hits="0"  signature="()V" >
				<lines><line number="9"  hits="0" /></lines>
			</method>
			<method name="(anonymous_4)"  hits="1"  signature="()V" >
				<lines><line number="12"  hits="1" /></lines>
			</method>
			<method name="(anonymous_5)"  hits="0"  signature="()V" >
				<lines><line number="16"  hits="0" /></lines>
			</method>
			<method name="(anonymous_6)"  hits="0"  signature="()V" >
				<lines><line number="22"  hits="0" /></lines>
			</method>
			<method name="(anonymous_7)"  hits="0"  signature="()V" >
				<lines><line number="26"  hits="0" /></lines>
			</method>
			<method name="(anonymous_8)"  hits="0"  signature="()V" >
				<lines><line number="32"  hits="0" /></lines>
			</method>
			<method name="(anonymous_9)"  hits="0"  signature="()V" >
				<lines><line number="34"  hits="0" /></lines>
			</method>
			<method name="(anonymous_10)"  hits="0"  signature="()V" >
				<lines><line number="41"  hits="0" /></lines>
			</method>
			<method name="(anonymous_11)"  hits="0"  signature="()V" >
				<lines><line number="61"  hits="0" /></lines>
			</method>
			<method name="(anonymous_12)"  hits="0"  signature="()V" >
				<lines><line number="94"  hits="0" /></lines>
			</method>
			<method name="(anonymous_13)"  hits="0"  signature="()V" >
				<lines><line number="106"  hits="0" /></lines>
			</method>
			<method name="(anonymous_14)"  hits="0"  signature="()V" >
				<lines><line number="120"  hits="0" /></lines>
			</method>
			<method name="(anonymous_15)"  hits="0"  signature="()V" >
				<lines><line number="138"  hits="0" /></lines>
			</method>
			<method name="(anonymous_16)"  hits="0"  signature="()V" >
				<lines><line number="156"  hits="0" /></lines>
			</method>
		</methods>
		<lines>
			<line number="2"  hits="1"  branch="false" />
			<line number="3"  hits="1"  branch="false" />
			<line number="4"  hits="1"  branch="false" />
			<line number="5"  hits="1"  branch="false" />
			<line number="6"  hits="18"  branch="false" />
			<line number="7"  hits="18"  branch="false" />
			<line number="9"  hits="1"  branch="false" />
			<line number="10"  hits="0"  branch="false" />
			<line number="12"  hits="1"  branch="false" />
			<line number="13"  hits="1"  branch="false" />
			<line number="15"  hits="1"  branch="false" />
			<line number="17"  hits="0"  branch="true"  condition-coverage="0% (0/2)" />
			<line number="22"  hits="1"  branch="false" />
			<line number="23"  hits="0"  branch="false" />
			<line number="24"  hits="0"  branch="false" />
			<line number="26"  hits="1"  branch="false" />
			<line number="27"  hits="0"  branch="true"  condition-coverage="0% (0/2)" />
			<line number="29"  hits="0"  branch="true"  condition-coverage="0% (0/2)" />
			<line number="30"  hits="0"  branch="true"  condition-coverage="0% (0/2)" />
			<line number="31"  hits="0"  branch="true"  condition-coverage="0% (0/2)" />
			<line number="32"  hits="0"  branch="true"  condition-coverage="0% (0/2)" />
			<line number="34"  hits="0"  branch="true"  condition-coverage="0% (0/2)" />
			<line number="36"  hits="0"  branch="true"  condition-coverage="0% (0/2)" />
			<line number="37"  hits="0"  branch="true"  condition-coverage="0% (0/2)" />
			<line number="41"  hits="0"  branch="false" />
			<line number="42"  hits="0"  branch="true"  condition-coverage="0% (0/2)" />
			<line number="43"  hits="0"  branch="false" />
			<line number="46"  hits="0"  branch="true"  condition-coverage="0% (0/2)" />
			<line number="47"  hits="0"  branch="false" />
			<line number="50"  hits="0"  branch="false" />
			<line number="61"  hits="0"  branch="false" />
			<line number="62"  hits="0"  branch="true"  condition-coverage="0% (0/13)" />
			<line number="64"  hits="0"  branch="false" />
			<line number="66"  hits="0"  branch="false" />
			<line number="68"  hits="0"  branch="true"  condition-coverage="0% (0/2)" />
			<line number="70"  hits="0"  branch="false" />
			<line number="72"  hits="0"  branch="false" />
			<line number="74"  hits="0"  branch="true"  condition-coverage="0% (0/2)" />
			<line number="76"  hits="0"  branch="false" />
			<line number="78"  hits="0"  branch="false" />
			<line number="80"  hits="0"  branch="true"  condition-coverage="0% (0/2)" />
			<line number="82"  hits="0"  branch="false" />
			<line number="84"  hits="0"  branch="false" />
			<line number="86"  hits="0"  branch="true"  condition-coverage="0% (0/2)" />
			<line number="88"  hits="0"  branch="false" />
			<line number="94"  hits="0"  branch="false" />
			<line number="95"  hits="0"  branch="false" />
			<line number="96"  hits="0"  branch="true"  condition-coverage="0% (0/2)" />
			<line number="97"  hits="0"  branch="false" />
			<line number="98"  hits="0"  branch="false" />
			<line number="99"  hits="0"  branch="false" />
			<line number="102"  hits="0"  branch="false" />
			<line number="103"  hits="0"  branch="false" />
			<line number="106"  hits="0"  branch="false" />
			<line number="107"  hits="0"  branch="false" />
			<line number="108"  hits="0"  branch="false" />
			<line number="109"  hits="0"  branch="false" />
			<line number="110"  hits="0"  branch="false" />
			<line number="111"  hits="0"  branch="false" />
			<line number="112"  hits="0"  branch="false" />
			<line number="113"  hits="0"  branch="false" />
			<line number="114"  hits="0"  branch="false" />
			<line number="115"  hits="0"  branch="false" />
			<line number="119"  hits="0"  branch="false" />
			<line number="120"  hits="0"  branch="false" />
			<line number="121"  hits="0"  branch="false" />
			<line number="122"  hits="0"  branch="true"  condition-coverage="0% (0/2)" />
			<line number="123"  hits="0"  branch="false" />
			<line number="124"  hits="0"  branch="false" />
			<line number="127"  hits="0"  branch="false" />
			<line number="128"  hits="0"  branch="false" />
			<line number="130"  hits="0"  branch="true"  condition-coverage="0% (0/5)" />
			<line number="131"  hits="0"  branch="false" />
			<line number="132"  hits="0"  branch="false" />
			<line number="138"  hits="0"  branch="false" />
			<line number="139"  hits="0"  branch="false" />
			<line number="140"  hits="0"  branch="false" />
			<line number="141"  hits="0"  branch="true"  condition-coverage="0% (0/2)" />
			<line number="142"  hits="0"  branch="false" />
			<line number="143"  hits="0"  branch="true"  condition-coverage="0% (0/2)" />
			<line number="144"  hits="0"  branch="false" />
			<line number="147"  hits="0"  branch="false" />
			<line number="149"  hits="0"  branch="false" />
			<line number="151"  hits="0"  branch="false" />
			<line number="152"  hits="0"  branch="false" />
			<line number="156"  hits="1"  branch="false" />
			<line number="157"  hits="0"  branch="false" />
			<line number="158"  hits="0"  branch="true"  condition-coverage="0% (0/6)" />
			<line number="161"  hits="1"  branch="false" />
			<line number="165"  hits="1"  branch="false" />
			<line number="166"  hits="0"  branch="false" />
			<line number="168"  hits="1"  branch="false" />
		</lines>
		</class>
	</classes>
	</package>
</packages>
</coverage>
